<?xml version="1.0" encoding="UTF-8"?>
<testsuite xmlns:xsi="http://www.w3.org/2001/XMLSchema-instance" xsi:noNamespaceSchemaLocation="https://maven.apache.org/surefire/maven-surefire-plugin/xsd/surefire-test-report.xsd" version="3.0.2" name="com.backend.Rina.RinaApplicationTests" time="6.274" tests="1" errors="0" skipped="0" failures="0">
  <properties>
[...]
</properties>
  <testcase name="contextLoads" classname="com.backend.Rina.RinaApplicationTests" time="1.169">
    <system-out><![CDATA[19:21:51.862 [main] INFO org.springframework.test.context.support.AnnotationConfigContextLoaderUtils -- Could not detect default configuration classes for test class [com.backend.Rina.RinaApplicationTests]: RinaApplicationTests does not declare any static, non-private, non-final, nested classes annotated with @Configuration.
19:21:52.063 [main] INFO org.springframework.boot.test.context.SpringBootTestContextBootstrapper -- Found @SpringBootConfiguration com.backend.Rina.RinaApplication for test class com.backend.Rina.RinaApplicationTests

  .   ____          _            __ _ _
 /\\ / ___'_ __ _ _(_)_ __  __ _ \ \ \ \
( ( )\___ | '_ | '_| | '_ \/ _` | \ \ \ \
 \\/  ___)| |_)| | | | | || (_| |  ) ) ) )
  '  |____| .__|_| |_|_| |_\__, | / / / /
 =========|_|==============|___/=/_/_/_/

 :: Spring Boot ::                (v3.4.3)

2025-05-07T19:21:52.670-05:00 DEBUG 7192 --- [Rina] [kground-preinit] org.jboss.logging                        : Logging Provider: org.jboss.logging.Slf4jLoggerProvider found via system property
2025-05-07T19:21:52.684-05:00 DEBUG 7192 --- [Rina] [kground-preinit] o.h.v.i.xml.config.ValidationXmlParser   : Trying to load META-INF/validation.xml for XML based Validator configuration.
2025-05-07T19:21:52.685-05:00 DEBUG 7192 --- [Rina] [kground-preinit] o.h.v.i.xml.config.ResourceLoaderHelper  : Trying to load META-INF/validation.xml via TCCL
2025-05-07T19:21:52.686-05:00 DEBUG 7192 --- [Rina] [kground-preinit] o.h.v.i.xml.config.ResourceLoaderHelper  : Trying to load META-INF/validation.xml via Hibernate Validator's class loader
2025-05-07T19:21:52.687-05:00 DEBUG 7192 --- [Rina] [kground-preinit] o.h.v.i.xml.config.ValidationXmlParser   : No META-INF/validation.xml found. Using annotation based configuration only.
2025-05-07T19:21:52.691-05:00 DEBUG 7192 --- [Rina] [kground-preinit] o.h.v.i.e.resolver.TraversableResolvers  : Cannot find jakarta.persistence.Persistence on classpath. Assuming non JPA 2 environment. All properties will per default be traversable.
2025-05-07T19:21:52.724-05:00  INFO 7192 --- [Rina] [           main] com.backend.Rina.RinaApplicationTests    : Starting RinaApplicationTests using Java 21.0.7 with PID 7192 (started by Pc in C:\Users\Pc\Downloads\exampleArithExpressions\Rina_Backend)
2025-05-07T19:21:52.725-05:00 DEBUG 7192 --- [Rina] [           main] com.backend.Rina.RinaApplicationTests    : Running with Spring Boot v3.4.3, Spring v6.2.3
2025-05-07T19:21:52.726-05:00  INFO 7192 --- [Rina] [           main] com.backend.Rina.RinaApplicationTests    : No active profile set, falling back to 1 default profile: "default"
2025-05-07T19:21:52.727-05:00 DEBUG 7192 --- [Rina] [           main] o.s.boot.SpringApplication               : Loading source class com.backend.Rina.RinaApplication
2025-05-07T19:21:52.733-05:00 DEBUG 7192 --- [Rina] [kground-preinit] .h.v.m.ResourceBundleMessageInterpolator : Loaded expression factory via original TCCL
2025-05-07T19:21:52.771-05:00 DEBUG 7192 --- [Rina] [           main] o.s.w.c.s.GenericWebApplicationContext   : Refreshing org.springframework.web.context.support.GenericWebApplicationContext@66f66866
2025-05-07T19:21:52.800-05:00 DEBUG 7192 --- [Rina] [           main] o.s.b.f.s.DefaultListableBeanFactory     : Creating shared instance of singleton bean 'org.springframework.context.annotation.internalConfigurationAnnotationProcessor'
2025-05-07T19:21:52.820-05:00 DEBUG 7192 --- [Rina] [           main] o.s.b.f.s.DefaultListableBeanFactory     : Creating shared instance of singleton bean 'org.springframework.boot.autoconfigure.internalCachingMetadataReaderFactory'
2025-05-07T19:21:52.886-05:00 DEBUG 7192 --- [Rina] [           main] o.s.c.a.ClassPathBeanDefinitionScanner   : Identified candidate component class: file [C:\Users\Pc\Downloads\exampleArithExpressions\Rina_Backend\target\classes\com\backend\Rina\config\WebConfig.class]
2025-05-07T19:21:52.894-05:00 DEBUG 7192 --- [Rina] [kground-preinit] .i.e.ValidatorFactoryConfigurationHelper : HV000252: Using org.hibernate.validator.internal.engine.DefaultPropertyNodeNameProvider as property node name provider.
2025-05-07T19:21:52.903-05:00 DEBUG 7192 --- [Rina] [kground-preinit] .i.e.ValidatorFactoryConfigurationHelper : HV000234: Using org.hibernate.validator.messageinterpolation.ResourceBundleMessageInterpolator as ValidatorFactory-scoped message interpolator.
2025-05-07T19:21:52.904-05:00 DEBUG 7192 --- [Rina] [kground-preinit] .i.e.ValidatorFactoryConfigurationHelper : HV000234: Using org.hibernate.validator.internal.engine.resolver.TraverseAllTraversableResolver as ValidatorFactory-scoped traversable resolver.
2025-05-07T19:21:52.905-05:00 DEBUG 7192 --- [Rina] [kground-preinit] .i.e.ValidatorFactoryConfigurationHelper : HV000234: Using org.hibernate.validator.internal.util.ExecutableParameterNameProvider as ValidatorFactory-scoped parameter name provider.
2025-05-07T19:21:52.905-05:00 DEBUG 7192 --- [Rina] [kground-preinit] .i.e.ValidatorFactoryConfigurationHelper : HV000234: Using org.hibernate.validator.internal.engine.DefaultClockProvider as ValidatorFactory-scoped clock provider.
2025-05-07T19:21:52.905-05:00 DEBUG 7192 --- [Rina] [kground-preinit] .i.e.ValidatorFactoryConfigurationHelper : HV000234: Using org.hibernate.validator.internal.engine.scripting.DefaultScriptEvaluatorFactory as ValidatorFactory-scoped script evaluator factory.
2025-05-07T19:21:52.909-05:00 DEBUG 7192 --- [Rina] [           main] o.s.c.a.ClassPathBeanDefinitionScanner   : Identified candidate component class: file [C:\Users\Pc\Downloads\exampleArithExpressions\Rina_Backend\target\classes\com\backend\Rina\controllers\AuthController.class]
2025-05-07T19:21:52.911-05:00 DEBUG 7192 --- [Rina] [           main] o.s.c.a.ClassPathBeanDefinitionScanner   : Identified candidate component class: file [C:\Users\Pc\Downloads\exampleArithExpressions\Rina_Backend\target\classes\com\backend\Rina\controllers\MenuController.class]
2025-05-07T19:21:52.918-05:00 DEBUG 7192 --- [Rina] [           main] o.s.c.a.ClassPathBeanDefinitionScanner   : Identified candidate component class: file [C:\Users\Pc\Downloads\exampleArithExpressions\Rina_Backend\target\classes\com\backend\Rina\controllers\RecetaController.class]
2025-05-07T19:21:52.942-05:00 DEBUG 7192 --- [Rina] [           main] o.s.c.a.ClassPathBeanDefinitionScanner   : Identified candidate component class: file [C:\Users\Pc\Downloads\exampleArithExpressions\Rina_Backend\target\classes\com\backend\Rina\security\jwt\AuthEntryPointJwt.class]
2025-05-07T19:21:52.945-05:00 DEBUG 7192 --- [Rina] [           main] o.s.c.a.ClassPathBeanDefinitionScanner   : Identified candidate component class: file [C:\Users\Pc\Downloads\exampleArithExpressions\Rina_Backend\target\classes\com\backend\Rina\security\jwt\JwtUtils.class]
2025-05-07T19:21:52.950-05:00 DEBUG 7192 --- [Rina] [           main] o.s.c.a.ClassPathBeanDefinitionScanner   : Identified candidate component class: file [C:\Users\Pc\Downloads\exampleArithExpressions\Rina_Backend\target\classes\com\backend\Rina\security\services\UserDetailsServiceImpl.class]
2025-05-07T19:21:52.957-05:00 DEBUG 7192 --- [Rina] [           main] o.s.c.a.ClassPathBeanDefinitionScanner   : Identified candidate component class: file [C:\Users\Pc\Downloads\exampleArithExpressions\Rina_Backend\target\classes\com\backend\Rina\security\WebSecurityConfig.class]
2025-05-07T19:21:52.958-05:00 DEBUG 7192 --- [Rina] [           main] o.s.c.a.ClassPathBeanDefinitionScanner   : Identified candidate component class: file [C:\Users\Pc\Downloads\exampleArithExpressions\Rina_Backend\target\classes\com\backend\Rina\services\FileStorageService.class]
2025-05-07T19:21:52.960-05:00 DEBUG 7192 --- [Rina] [           main] o.s.c.a.ClassPathBeanDefinitionScanner   : Identified candidate component class: file [C:\Users\Pc\Downloads\exampleArithExpressions\Rina_Backend\target\classes\com\backend\Rina\services\MenuService.class]
2025-05-07T19:21:52.962-05:00 DEBUG 7192 --- [Rina] [           main] o.s.c.a.ClassPathBeanDefinitionScanner   : Identified candidate component class: file [C:\Users\Pc\Downloads\exampleArithExpressions\Rina_Backend\target\classes\com\backend\Rina\services\RecetaService.class]
2025-05-07T19:21:52.964-05:00 DEBUG 7192 --- [Rina] [           main] o.s.c.a.ClassPathBeanDefinitionScanner   : Identified candidate component class: file [C:\Users\Pc\Downloads\exampleArithExpressions\Rina_Backend\target\classes\com\backend\Rina\services\WeeklyMenuList.class]
2025-05-07T19:21:53.748-05:00  INFO 7192 --- [Rina] [           main] .s.d.r.c.RepositoryConfigurationDelegate : Bootstrapping Spring Data MongoDB repositories in DEFAULT mode.
2025-05-07T19:21:53.757-05:00 DEBUG 7192 --- [Rina] [           main] o.s.b.f.s.DefaultListableBeanFactory     : Creating shared instance of singleton bean 'org.springframework.boot.autoconfigure.AutoConfigurationPackages'
2025-05-07T19:21:53.767-05:00 DEBUG 7192 --- [Rina] [           main] o.s.b.a.AutoConfigurationPackages        : @EnableAutoConfiguration was declared on a class in the package 'com.backend.Rina'. Automatic @Repository and @Entity scanning is enabled.
2025-05-07T19:21:53.769-05:00 DEBUG 7192 --- [Rina] [           main] .s.d.r.c.RepositoryConfigurationDelegate : Scanning for MongoDB repositories in packages com.backend.Rina.
2025-05-07T19:21:53.784-05:00 DEBUG 7192 --- [Rina] [           main] o.s.d.r.c.RepositoryComponentProvider    : Identified candidate component class: file [C:\Users\Pc\Downloads\exampleArithExpressions\Rina_Backend\target\classes\com\backend\Rina\repository\MenuRepository.class]
2025-05-07T19:21:53.785-05:00 DEBUG 7192 --- [Rina] [           main] o.s.d.r.c.RepositoryComponentProvider    : Identified candidate component class: file [C:\Users\Pc\Downloads\exampleArithExpressions\Rina_Backend\target\classes\com\backend\Rina\repository\RecetaRepository.class]
2025-05-07T19:21:53.786-05:00 DEBUG 7192 --- [Rina] [           main] o.s.d.r.c.RepositoryComponentProvider    : Identified candidate component class: file [C:\Users\Pc\Downloads\exampleArithExpressions\Rina_Backend\target\classes\com\backend\Rina\repository\RoleRepository.class]
2025-05-07T19:21:53.787-05:00 DEBUG 7192 --- [Rina] [           main] o.s.d.r.c.RepositoryComponentProvider    : Identified candidate component class: file [C:\Users\Pc\Downloads\exampleArithExpressions\Rina_Backend\target\classes\com\backend\Rina\repository\UserRepository.class]
2025-05-07T19:21:53.839-05:00 DEBUG 7192 --- [Rina] [           main] ssPathScanningCandidateComponentProvider : Identified candidate component class: file [C:\Users\Pc\Downloads\exampleArithExpressions\Rina_Backend\target\classes\com\backend\Rina\security\services\UserDetailsImpl.class]
2025-05-07T19:21:53.840-05:00 DEBUG 7192 --- [Rina] [           main] ssPathScanningCandidateComponentProvider : Identified candidate component class: file [C:\Users\Pc\Downloads\exampleArithExpressions\Rina_Backend\target\classes\com\backend\Rina\security\services\UserDetailsServiceImpl.class]
2025-05-07T19:21:53.865-05:00  INFO 7192 --- [Rina] [           main] .s.d.r.c.RepositoryConfigurationDelegate : Finished Spring Data repository scanning in 92 ms. Found 4 MongoDB repository interfaces.
2025-05-07T19:21:53.996-05:00 DEBUG 7192 --- [Rina] [           main] o.s.b.f.s.DefaultListableBeanFactory     : Creating shared instance of singleton bean 'springSecurityHandlerMappingIntrospectorBeanDefinitionRegistryPostProcessor'
2025-05-07T19:21:54.105-05:00 DEBUG 7192 --- [Rina] [           main] o.s.b.f.s.DefaultListableBeanFactory     : Creating shared instance of singleton bean 'propertySourcesPlaceholderConfigurer'
2025-05-07T19:21:54.111-05:00 DEBUG 7192 --- [Rina] [           main] o.s.b.f.s.DefaultListableBeanFactory     : Creating shared instance of singleton bean 'org.springframework.boot.test.mock.mockito.MockitoPostProcessor'
2025-05-07T19:21:54.112-05:00 DEBUG 7192 --- [Rina] [           main] o.s.b.f.s.DefaultListableBeanFactory     : Creating shared instance of singleton bean 'org.springframework.boot.sql.init.dependency.DatabaseInitializationDependencyConfigurer$DependsOnDatabaseInitializationPostProcessor'
2025-05-07T19:21:54.158-05:00 DEBUG 7192 --- [Rina] [           main] o.s.b.f.s.DefaultListableBeanFactory     : Creating shared instance of singleton bean 'org.springframework.context.event.internalEventListenerProcessor'
2025-05-07T19:21:54.159-05:00 DEBUG 7192 --- [Rina] [           main] o.s.b.f.s.DefaultListableBeanFactory     : Creating shared instance of singleton bean 'preserveErrorControllerTargetClassPostProcessor'
2025-05-07T19:21:54.160-05:00 DEBUG 7192 --- [Rina] [           main] o.s.b.f.s.DefaultListableBeanFactory     : Creating shared instance of singleton bean 'forceAutoProxyCreatorToUseClassProxying'
2025-05-07T19:21:54.161-05:00 DEBUG 7192 --- [Rina] [           main] o.s.b.f.s.DefaultListableBeanFactory     : Creating shared instance of singleton bean 'conversionServicePostProcessor'
2025-05-07T19:21:54.184-05:00 DEBUG 7192 --- [Rina] [           main] o.s.b.f.s.DefaultListableBeanFactory     : Creating shared instance of singleton bean 'org.springframework.context.event.internalEventListenerFactory'
2025-05-07T19:21:54.188-05:00 DEBUG 7192 --- [Rina] [           main] o.s.b.f.s.DefaultListableBeanFactory     : Creating shared instance of singleton bean 'org.springframework.boot.test.mock.mockito.MockitoPostProcessor$SpyPostProcessor'
2025-05-07T19:21:54.189-05:00 DEBUG 7192 --- [Rina] [           main] o.s.b.f.s.DefaultListableBeanFactory     : Creating shared instance of singleton bean 'org.springframework.context.annotation.internalAutowiredAnnotationProcessor'
2025-05-07T19:21:54.191-05:00 DEBUG 7192 --- [Rina] [           main] o.s.b.f.s.DefaultListableBeanFactory     : Creating shared instance of singleton bean 'org.springframework.context.annotation.internalCommonAnnotationProcessor'
2025-05-07T19:21:54.196-05:00 DEBUG 7192 --- [Rina] [           main] o.s.b.f.s.DefaultListableBeanFactory     : Creating shared instance of singleton bean 'org.springframework.boot.context.properties.ConfigurationPropertiesBindingPostProcessor'
2025-05-07T19:21:54.196-05:00 DEBUG 7192 --- [Rina] [           main] o.s.b.f.s.DefaultListableBeanFactory     : Creating shared instance of singleton bean 'org.springframework.boot.context.internalConfigurationPropertiesBinder'
2025-05-07T19:21:54.199-05:00 DEBUG 7192 --- [Rina] [           main] o.s.b.f.s.DefaultListableBeanFactory     : Creating shared instance of singleton bean 'org.springframework.aop.config.internalAutoProxyCreator'
2025-05-07T19:21:54.213-05:00 DEBUG 7192 --- [Rina] [           main] o.s.b.f.s.DefaultListableBeanFactory     : Creating shared instance of singleton bean 'methodValidationPostProcessor'
2025-05-07T19:21:54.218-05:00 DEBUG 7192 --- [Rina] [           main] o.s.b.f.s.DefaultListableBeanFactory     : Autowiring by type from bean name 'methodValidationPostProcessor' via factory method to bean named 'environment'
2025-05-07T19:21:54.233-05:00 DEBUG 7192 --- [Rina] [           main] o.s.b.f.s.DefaultListableBeanFactory     : Creating shared instance of singleton bean 'org.springframework.boot.context.properties.EnableConfigurationPropertiesRegistrar.methodValidationExcludeFilter'
2025-05-07T19:21:54.248-05:00 DEBUG 7192 --- [Rina] [           main] o.s.b.f.s.DefaultListableBeanFactory     : Creating shared instance of singleton bean 'persistenceExceptionTranslationPostProcessor'
2025-05-07T19:21:54.248-05:00 DEBUG 7192 --- [Rina] [           main] o.s.b.f.s.DefaultListableBeanFactory     : Autowiring by type from bean name 'persistenceExceptionTranslationPostProcessor' via factory method to bean named 'environment'
2025-05-07T19:21:54.251-05:00 DEBUG 7192 --- [Rina] [           main] o.s.b.f.s.DefaultListableBeanFactory     : Creating shared instance of singleton bean 'webServerFactoryCustomizerBeanPostProcessor'
2025-05-07T19:21:54.252-05:00 DEBUG 7192 --- [Rina] [           main] o.s.b.f.s.DefaultListableBeanFactory     : Creating shared instance of singleton bean 'errorPageRegistrarBeanPostProcessor'
2025-05-07T19:21:54.253-05:00 DEBUG 7192 --- [Rina] [           main] o.s.b.f.s.DefaultListableBeanFactory     : Creating shared instance of singleton bean 'projectingArgumentResolverBeanPostProcessor'
2025-05-07T19:21:54.274-05:00 DEBUG 7192 --- [Rina] [           main] o.s.b.f.s.DefaultListableBeanFactory     : Creating shared instance of singleton bean 'preFilterAuthorizationAdvisor'
2025-05-07T19:21:54.275-05:00 DEBUG 7192 --- [Rina] [           main] o.s.b.f.s.DefaultListableBeanFactory     : Creating shared instance of singleton bean 'preFilterAuthorizationMethodInterceptor'
2025-05-07T19:21:54.297-05:00 DEBUG 7192 --- [Rina] [           main] o.s.b.f.s.DefaultListableBeanFactory     : Creating shared instance of singleton bean 'preAuthorizeAuthorizationAdvisor'
2025-05-07T19:21:54.298-05:00 DEBUG 7192 --- [Rina] [           main] o.s.b.f.s.DefaultListableBeanFactory     : Creating shared instance of singleton bean 'preAuthorizeAuthorizationMethodInterceptor'
2025-05-07T19:21:54.299-05:00 DEBUG 7192 --- [Rina] [           main] o.s.b.f.s.DefaultListableBeanFactory     : Creating shared instance of singleton bean 'postFilterAuthorizationAdvisor'
2025-05-07T19:21:54.299-05:00 DEBUG 7192 --- [Rina] [           main] o.s.b.f.s.DefaultListableBeanFactory     : Creating shared instance of singleton bean 'postFilterAuthorizationMethodInterceptor'
2025-05-07T19:21:54.301-05:00 DEBUG 7192 --- [Rina] [           main] o.s.b.f.s.DefaultListableBeanFactory     : Creating shared instance of singleton bean 'postAuthorizeAuthorizationAdvisor'
2025-05-07T19:21:54.301-05:00 DEBUG 7192 --- [Rina] [           main] o.s.b.f.s.DefaultListableBeanFactory     : Creating shared instance of singleton bean 'postAuthorizeAuthorizationMethodInterceptor'
2025-05-07T19:21:54.304-05:00 DEBUG 7192 --- [Rina] [           main] o.s.b.f.s.DefaultListableBeanFactory     : Creating shared instance of singleton bean 'authorizeReturnObjectAdvisor'
2025-05-07T19:21:54.305-05:00 DEBUG 7192 --- [Rina] [           main] o.s.b.f.s.DefaultListableBeanFactory     : Creating shared instance of singleton bean 'authorizeReturnObjectMethodInterceptor'
2025-05-07T19:21:54.305-05:00 DEBUG 7192 --- [Rina] [           main] o.s.b.f.s.DefaultListableBeanFactory     : Creating shared instance of singleton bean 'authorizationProxyFactory'
2025-05-07T19:21:54.311-05:00 DEBUG 7192 --- [Rina] [           main] o.s.b.f.s.DefaultListableBeanFactory     : Autowiring by type from bean name 'authorizeReturnObjectMethodInterceptor' via factory method to bean named 'authorizationProxyFactory'
2025-05-07T19:21:54.325-05:00 DEBUG 7192 --- [Rina] [           main] o.s.u.c.s.UiApplicationContextUtils      : Unable to locate ThemeSource with name 'themeSource': using default [org.springframework.ui.context.support.ResourceBundleThemeSource@427a12b6]
2025-05-07T19:21:54.326-05:00 DEBUG 7192 --- [Rina] [           main] o.s.b.f.s.DefaultListableBeanFactory     : Creating shared instance of singleton bean 'org.springframework.test.context.support.internalDynamicPropertyRegistrarBeanInitializer'
2025-05-07T19:21:54.331-05:00 DEBUG 7192 --- [Rina] [           main] o.s.b.f.s.DefaultListableBeanFactory     : Creating shared instance of singleton bean 'rinaApplication'
2025-05-07T19:21:54.335-05:00 DEBUG 7192 --- [Rina] [           main] o.s.b.f.s.DefaultListableBeanFactory     : Creating shared instance of singleton bean 'webConfig'
2025-05-07T19:21:54.339-05:00 DEBUG 7192 --- [Rina] [           main] o.s.c.e.PropertySourcesPropertyResolver  : Found key 'storage.location' in PropertySource 'environmentProperties' with value of type String
2025-05-07T19:21:54.343-05:00 DEBUG 7192 --- [Rina] [           main] o.s.b.f.s.DefaultListableBeanFactory     : Creating shared instance of singleton bean 'authController'
2025-05-07T19:21:54.350-05:00 DEBUG 7192 --- [Rina] [           main] o.s.b.f.s.DefaultListableBeanFactory     : Creating shared instance of singleton bean 'authenticationManager'
2025-05-07T19:21:54.351-05:00 DEBUG 7192 --- [Rina] [           main] o.s.b.f.s.DefaultListableBeanFactory     : Creating shared instance of singleton bean 'webSecurityConfig'
2025-05-07T19:21:54.353-05:00 DEBUG 7192 --- [Rina] [           main] o.s.b.f.s.DefaultListableBeanFactory     : Creating shared instance of singleton bean 'userDetailsServiceImpl'
2025-05-07T19:21:54.356-05:00 DEBUG 7192 --- [Rina] [           main] o.s.b.f.s.DefaultListableBeanFactory     : Creating shared instance of singleton bean 'userRepository'
2025-05-07T19:21:54.360-05:00 DEBUG 7192 --- [Rina] [           main] o.s.b.f.s.DefaultListableBeanFactory     : Creating shared instance of singleton bean 'mongo.named-queries#3'
2025-05-07T19:21:54.365-05:00 DEBUG 7192 --- [Rina] [           main] o.s.b.f.s.DefaultListableBeanFactory     : Creating shared instance of singleton bean 'mongodb.UserRepository.fragments#0'
2025-05-07T19:21:54.372-05:00 DEBUG 7192 --- [Rina] [           main] o.s.b.f.s.DefaultListableBeanFactory     : Creating shared instance of singleton bean 'mongoTemplate'
2025-05-07T19:21:54.372-05:00 DEBUG 7192 --- [Rina] [           main] o.s.b.f.s.DefaultListableBeanFactory     : Creating shared instance of singleton bean 'org.springframework.boot.autoconfigure.data.mongo.MongoDatabaseFactoryDependentConfiguration'
2025-05-07T19:21:54.373-05:00 DEBUG 7192 --- [Rina] [           main] o.s.b.f.s.DefaultListableBeanFactory     : Creating shared instance of singleton bean 'mongoDatabaseFactory'
2025-05-07T19:21:54.374-05:00 DEBUG 7192 --- [Rina] [           main] o.s.b.f.s.DefaultListableBeanFactory     : Creating shared instance of singleton bean 'org.springframework.boot.autoconfigure.data.mongo.MongoDatabaseFactoryConfiguration'
2025-05-07T19:21:54.375-05:00 DEBUG 7192 --- [Rina] [           main] o.s.b.f.s.DefaultListableBeanFactory     : Creating shared instance of singleton bean 'mongo'
2025-05-07T19:21:54.375-05:00 DEBUG 7192 --- [Rina] [           main] o.s.b.f.s.DefaultListableBeanFactory     : Creating shared instance of singleton bean 'org.springframework.boot.autoconfigure.mongo.MongoAutoConfiguration'
2025-05-07T19:21:54.376-05:00 DEBUG 7192 --- [Rina] [           main] o.s.b.f.s.DefaultListableBeanFactory     : Creating shared instance of singleton bean 'mongoClientSettings'
2025-05-07T19:21:54.377-05:00 DEBUG 7192 --- [Rina] [           main] o.s.b.f.s.DefaultListableBeanFactory     : Creating shared instance of singleton bean 'org.springframework.boot.autoconfigure.mongo.MongoAutoConfiguration$MongoClientSettingsConfiguration'
2025-05-07T19:21:54.448-05:00 DEBUG 7192 --- [Rina] [           main] o.s.b.f.s.DefaultListableBeanFactory     : Autowiring by type from bean name 'mongo' via factory method to bean named 'mongoClientSettings'
2025-05-07T19:21:54.451-05:00 DEBUG 7192 --- [Rina] [           main] o.s.b.f.s.DefaultListableBeanFactory     : Creating shared instance of singleton bean 'standardMongoSettingsCustomizer'
2025-05-07T19:21:54.452-05:00 DEBUG 7192 --- [Rina] [           main] o.s.b.f.s.DefaultListableBeanFactory     : Creating shared instance of singleton bean 'spring.data.mongodb-org.springframework.boot.autoconfigure.mongo.MongoProperties'
2025-05-07T19:21:54.454-05:00 DEBUG 7192 --- [Rina] [           main] o.s.b.f.s.DefaultListableBeanFactory     : Creating shared instance of singleton bean 'org.springframework.boot.context.properties.BoundConfigurationProperties'
2025-05-07T19:21:54.472-05:00 DEBUG 7192 --- [Rina] [           main] o.s.b.f.s.DefaultListableBeanFactory     : Creating shared instance of singleton bean 'mongoConnectionDetails'
2025-05-07T19:21:54.472-05:00 DEBUG 7192 --- [Rina] [           main] o.s.b.f.s.DefaultListableBeanFactory     : Autowiring by type from bean name 'mongoConnectionDetails' via factory method to bean named 'spring.data.mongodb-org.springframework.boot.autoconfigure.mongo.MongoProperties'
2025-05-07T19:21:54.476-05:00 DEBUG 7192 --- [Rina] [           main] o.s.b.f.s.DefaultListableBeanFactory     : Autowiring by type from bean name 'standardMongoSettingsCustomizer' via factory method to bean named 'spring.data.mongodb-org.springframework.boot.autoconfigure.mongo.MongoProperties'
2025-05-07T19:21:54.476-05:00 DEBUG 7192 --- [Rina] [           main] o.s.b.f.s.DefaultListableBeanFactory     : Autowiring by type from bean name 'standardMongoSettingsCustomizer' via factory method to bean named 'mongoConnectionDetails'
2025-05-07T19:21:54.483-05:00 DEBUG 7192 --- [Rina] [           main] o.s.b.f.s.DefaultListableBeanFactory     : Creating shared instance of singleton bean 'sslBundleRegistry'
2025-05-07T19:21:54.483-05:00 DEBUG 7192 --- [Rina] [           main] o.s.b.f.s.DefaultListableBeanFactory     : Creating shared instance of singleton bean 'org.springframework.boot.autoconfigure.ssl.SslAutoConfiguration'
2025-05-07T19:21:54.484-05:00 DEBUG 7192 --- [Rina] [           main] o.s.b.f.s.DefaultListableBeanFactory     : Creating shared instance of singleton bean 'spring.ssl-org.springframework.boot.autoconfigure.ssl.SslProperties'
2025-05-07T19:21:54.487-05:00 DEBUG 7192 --- [Rina] [           main] o.s.b.f.s.DefaultListableBeanFactory     : Autowiring by type from bean name 'org.springframework.boot.autoconfigure.ssl.SslAutoConfiguration' via constructor to bean named 'org.springframework.web.context.support.GenericWebApplicationContext@66f66866'
2025-05-07T19:21:54.488-05:00 DEBUG 7192 --- [Rina] [           main] o.s.b.f.s.DefaultListableBeanFactory     : Autowiring by type from bean name 'org.springframework.boot.autoconfigure.ssl.SslAutoConfiguration' via constructor to bean named 'spring.ssl-org.springframework.boot.autoconfigure.ssl.SslProperties'
2025-05-07T19:21:54.491-05:00 DEBUG 7192 --- [Rina] [           main] o.s.b.f.s.DefaultListableBeanFactory     : Creating shared instance of singleton bean 'sslPropertiesSslBundleRegistrar'
2025-05-07T19:21:54.492-05:00 DEBUG 7192 --- [Rina] [           main] o.s.b.f.s.DefaultListableBeanFactory     : Creating shared instance of singleton bean 'fileWatcher'
2025-05-07T19:21:54.494-05:00 DEBUG 7192 --- [Rina] [           main] o.s.b.f.s.DefaultListableBeanFactory     : Autowiring by type from bean name 'sslPropertiesSslBundleRegistrar' via factory method to bean named 'fileWatcher'
2025-05-07T19:21:54.621-05:00 DEBUG 7192 --- [Rina] [           main] org.mongodb.driver.connection            : Connection pool created for localhost:27017 using options maxIdleTimeMS=0, minPoolSize=0, maxPoolSize=100, maxConnecting=2, waitQueueTimeoutMS=120000
2025-05-07T19:21:54.634-05:00 DEBUG 7192 --- [Rina] [           main] org.mongodb.driver.cluster               : Updating cluster description to  {type=UNKNOWN, servers=[{address=localhost:27017, type=UNKNOWN, state=CONNECTING}]
2025-05-07T19:21:54.670-05:00  INFO 7192 --- [Rina] [           main] org.mongodb.driver.client                : MongoClient with metadata {"driver": {"name": "mongo-java-driver|sync|spring-boot", "version": "5.2.1"}, "os": {"type": "Windows", "name": "Windows 11", "architecture": "amd64", "version": "10.0"}, "platform": "Java/Eclipse Adoptium/21.0.7+6-LTS"} created with settings MongoClientSettings{readPreference=primary, writeConcern=WriteConcern{w=null, wTimeout=null ms, journal=null}, retryWrites=true, retryReads=true, readConcern=ReadConcern{level=null}, credential=MongoCredential{mechanism=null, userName='intance', source='Rina', password=<hidden>, mechanismProperties=<hidden>}, transportSettings=null, commandListeners=[], codecRegistry=ProvidersCodecRegistry{codecProviders=[ValueCodecProvider{}, BsonValueCodecProvider{}, DBRefCodecProvider{}, DBObjectCodecProvider{}, DocumentCodecProvider{}, CollectionCodecProvider{}, IterableCodecProvider{}, MapCodecProvider{}, GeoJsonCodecProvider{}, GridFSFileCodecProvider{}, Jsr310CodecProvider{}, JsonObjectCodecProvider{}, BsonCodecProvider{}, EnumCodecProvider{}, com.mongodb.client.model.mql.ExpressionCodecProvider@1953bc95, com.mongodb.Jep395RecordCodecProvider@30aec673, com.mongodb.KotlinCodecProvider@549ac12c]}, loggerSettings=LoggerSettings{maxDocumentLength=1000}, clusterSettings={hosts=[localhost:27017], srvServiceName=mongodb, mode=SINGLE, requiredClusterType=UNKNOWN, requiredReplicaSetName='null', serverSelector='null', clusterListeners='[]', serverSelectionTimeout='30000 ms', localThreshold='15 ms'}, socketSettings=SocketSettings{connectTimeoutMS=10000, readTimeoutMS=0, receiveBufferSize=0, proxySettings=ProxySettings{host=null, port=null, username=null, password=null}}, heartbeatSocketSettings=SocketSettings{connectTimeoutMS=10000, readTimeoutMS=10000, receiveBufferSize=0, proxySettings=ProxySettings{host=null, port=null, username=null, password=null}}, connectionPoolSettings=ConnectionPoolSettings{maxSize=100, minSize=0, maxWaitTimeMS=120000, maxConnectionLifeTimeMS=0, maxConnectionIdleTimeMS=0, maintenanceInitialDelayMS=0, maintenanceFrequencyMS=60000, connectionPoolListeners=[], maxConnecting=2}, serverSettings=ServerSettings{heartbeatFrequencyMS=10000, minHeartbeatFrequencyMS=500, serverMonitoringMode=AUTO, serverListeners='[]', serverMonitorListeners='[]'}, sslSettings=SslSettings{enabled=false, invalidHostNameAllowed=false, context=null}, applicationName='null', compressorList=[], uuidRepresentation=JAVA_LEGACY, serverApi=null, autoEncryptionSettings=null, dnsClient=null, inetAddressResolver=null, contextProvider=null, timeoutMS=null}
2025-05-07T19:21:54.674-05:00 DEBUG 7192 --- [Rina] [           main] o.s.b.f.s.DefaultListableBeanFactory     : Autowiring by type from bean name 'mongoDatabaseFactory' via factory method to bean named 'mongo'
2025-05-07T19:21:54.674-05:00 DEBUG 7192 --- [Rina] [           main] o.s.b.f.s.DefaultListableBeanFactory     : Autowiring by type from bean name 'mongoDatabaseFactory' via factory method to bean named 'spring.data.mongodb-org.springframework.boot.autoconfigure.mongo.MongoProperties'
2025-05-07T19:21:54.674-05:00 DEBUG 7192 --- [Rina] [           main] o.s.b.f.s.DefaultListableBeanFactory     : Autowiring by type from bean name 'mongoDatabaseFactory' via factory method to bean named 'mongoConnectionDetails'
2025-05-07T19:21:54.682-05:00 DEBUG 7192 --- [Rina] [           main] o.s.b.f.s.DefaultListableBeanFactory     : Creating shared instance of singleton bean 'mappingMongoConverter'
2025-05-07T19:21:54.682-05:00 DEBUG 7192 --- [Rina] [           main] o.s.b.f.s.DefaultListableBeanFactory     : Creating shared instance of singleton bean 'org.springframework.boot.autoconfigure.data.mongo.MongoDataConfiguration'
2025-05-07T19:21:54.691-05:00 DEBUG 7192 --- [Rina] [           main] o.s.b.f.s.DefaultListableBeanFactory     : Creating shared instance of singleton bean 'mongoMappingContext'
2025-05-07T19:21:54.692-05:00 DEBUG 7192 --- [Rina] [           main] o.s.b.f.s.DefaultListableBeanFactory     : Creating shared instance of singleton bean 'mongoCustomConversions'
2025-05-07T19:21:54.731-05:00  INFO 7192 --- [Rina] [localhost:27017] org.mongodb.driver.cluster               : Monitor thread successfully connected to server with description ServerDescription{address=localhost:27017, type=STANDALONE, cryptd=false, state=CONNECTED, ok=true, minWireVersion=0, maxWireVersion=25, maxDocumentSize=16777216, logicalSessionTimeoutMinutes=30, roundTripTimeNanos=35575500, minRoundTripTimeNanos=0}
2025-05-07T19:21:54.734-05:00 DEBUG 7192 --- [Rina] [localhost:27017] org.mongodb.driver.connection            : Connection pool ready for localhost:27017
2025-05-07T19:21:54.739-05:00 DEBUG 7192 --- [Rina] [localhost:27017] org.mongodb.driver.cluster               : Updating cluster description to  {type=STANDALONE, servers=[{address=localhost:27017, type=STANDALONE, roundTripTime=35.6 ms, state=CONNECTED}]
2025-05-07T19:21:54.739-05:00 DEBUG 7192 --- [Rina] [localhost:27017] org.mongodb.driver.cluster               : Checking status of localhost:27017
2025-05-07T19:21:54.802-05:00 DEBUG 7192 --- [Rina] [           main] o.s.data.convert.CustomConversions       : Adding converter from class java.util.Locale to class java.lang.String as writing converter
2025-05-07T19:21:54.802-05:00 DEBUG 7192 --- [Rina] [           main] o.s.data.convert.CustomConversions       : Adding converter from class java.lang.Character to class java.lang.String as writing converter
2025-05-07T19:21:54.804-05:00 DEBUG 7192 --- [Rina] [           main] o.s.data.convert.CustomConversions       : Adding converter from class java.math.BigDecimal to class java.lang.String as writing converter
2025-05-07T19:21:54.804-05:00 DEBUG 7192 --- [Rina] [           main] o.s.data.convert.CustomConversions       : Adding converter from class java.math.BigDecimal to class org.bson.types.Decimal128 as writing converter
2025-05-07T19:21:54.804-05:00 DEBUG 7192 --- [Rina] [           main] o.s.data.convert.CustomConversions       : Adding converter from class java.lang.String to class java.math.BigDecimal as reading converter
2025-05-07T19:21:54.804-05:00 DEBUG 7192 --- [Rina] [           main] o.s.data.convert.CustomConversions       : Adding converter from class org.bson.types.Decimal128 to class java.math.BigDecimal as reading converter
2025-05-07T19:21:54.805-05:00 DEBUG 7192 --- [Rina] [           main] o.s.data.convert.CustomConversions       : Adding converter from class java.math.BigInteger to class java.lang.String as writing converter
2025-05-07T19:21:54.805-05:00 DEBUG 7192 --- [Rina] [           main] o.s.data.convert.CustomConversions       : Adding converter from class java.lang.String to class java.math.BigInteger as reading converter
2025-05-07T19:21:54.805-05:00 DEBUG 7192 --- [Rina] [           main] o.s.data.convert.CustomConversions       : Adding converter from class java.net.URL to class java.lang.String as writing converter
2025-05-07T19:21:54.805-05:00 DEBUG 7192 --- [Rina] [           main] o.s.data.convert.CustomConversions       : Adding converter from class java.lang.String to class java.net.URL as reading converter
2025-05-07T19:21:54.805-05:00 DEBUG 7192 --- [Rina] [           main] o.s.data.convert.CustomConversions       : Adding converter from class org.bson.Document to class java.lang.String as reading converter
2025-05-07T19:21:54.805-05:00 DEBUG 7192 --- [Rina] [           main] o.s.data.convert.CustomConversions       : Adding converter from class org.springframework.data.mongodb.core.query.Term to class java.lang.String as writing converter
2025-05-07T19:21:54.805-05:00 DEBUG 7192 --- [Rina] [           main] o.s.data.convert.CustomConversions       : Adding converter from class org.springframework.data.mongodb.core.script.NamedMongoScript to class org.bson.Document as writing converter
2025-05-07T19:21:54.805-05:00 DEBUG 7192 --- [Rina] [           main] o.s.data.convert.CustomConversions       : Adding converter from class org.bson.Document to class org.springframework.data.mongodb.core.script.NamedMongoScript as reading converter
2025-05-07T19:21:54.805-05:00 DEBUG 7192 --- [Rina] [           main] o.s.data.convert.CustomConversions       : Adding converter from class java.util.Currency to class java.lang.String as writing converter
2025-05-07T19:21:54.805-05:00 DEBUG 7192 --- [Rina] [           main] o.s.data.convert.CustomConversions       : Adding converter from class java.lang.String to class java.util.Currency as reading converter
2025-05-07T19:21:54.806-05:00 DEBUG 7192 --- [Rina] [           main] o.s.data.convert.CustomConversions       : Adding converter from class java.util.concurrent.atomic.AtomicInteger to class java.lang.Integer as writing converter
2025-05-07T19:21:54.806-05:00 DEBUG 7192 --- [Rina] [           main] o.s.data.convert.CustomConversions       : Adding converter from class java.util.concurrent.atomic.AtomicLong to class java.lang.Long as writing converter
2025-05-07T19:21:54.806-05:00 DEBUG 7192 --- [Rina] [           main] o.s.data.convert.CustomConversions       : Adding converter from class java.lang.Long to class java.util.concurrent.atomic.AtomicLong as reading converter
2025-05-07T19:21:54.806-05:00 DEBUG 7192 --- [Rina] [           main] o.s.data.convert.CustomConversions       : Adding converter from class java.lang.Integer to class java.util.concurrent.atomic.AtomicInteger as reading converter
2025-05-07T19:21:54.806-05:00 DEBUG 7192 --- [Rina] [           main] o.s.data.convert.CustomConversions       : Adding converter from class org.bson.types.Binary to class [B as reading converter
2025-05-07T19:21:54.806-05:00 DEBUG 7192 --- [Rina] [           main] o.s.data.convert.CustomConversions       : Adding converter from class org.bson.BsonTimestamp to class java.time.Instant as reading converter
2025-05-07T19:21:54.806-05:00 DEBUG 7192 --- [Rina] [           main] o.s.data.convert.CustomConversions       : Adding converter from class org.bson.BsonUndefined to class java.lang.Object as reading converter
2025-05-07T19:21:54.806-05:00 DEBUG 7192 --- [Rina] [           main] o.s.data.convert.CustomConversions       : Adding converter from class java.net.URI to class java.lang.String as writing converter
2025-05-07T19:21:54.806-05:00 DEBUG 7192 --- [Rina] [           main] o.s.data.convert.CustomConversions       : Adding converter from class java.lang.String to class java.net.URI as reading converter
2025-05-07T19:21:54.806-05:00 DEBUG 7192 --- [Rina] [           main] o.s.data.convert.CustomConversions       : Adding converter from class org.springframework.data.geo.Box to class org.bson.Document as writing converter
2025-05-07T19:21:54.806-05:00 DEBUG 7192 --- [Rina] [           main] o.s.data.convert.CustomConversions       : Adding converter from class org.springframework.data.geo.Polygon to class org.bson.Document as writing converter
2025-05-07T19:21:54.807-05:00 DEBUG 7192 --- [Rina] [           main] o.s.data.convert.CustomConversions       : Adding converter from class org.springframework.data.geo.Circle to class org.bson.Document as writing converter
2025-05-07T19:21:54.807-05:00 DEBUG 7192 --- [Rina] [           main] o.s.data.convert.CustomConversions       : Adding converter from class org.springframework.data.mongodb.core.geo.Sphere to class org.bson.Document as writing converter
2025-05-07T19:21:54.807-05:00 DEBUG 7192 --- [Rina] [           main] o.s.data.convert.CustomConversions       : Adding converter from class org.bson.Document to class org.springframework.data.geo.Box as reading converter
2025-05-07T19:21:54.807-05:00 DEBUG 7192 --- [Rina] [           main] o.s.data.convert.CustomConversions       : Adding converter from class org.bson.Document to class org.springframework.data.geo.Polygon as reading converter
2025-05-07T19:21:54.807-05:00 DEBUG 7192 --- [Rina] [           main] o.s.data.convert.CustomConversions       : Adding converter from class org.bson.Document to class org.springframework.data.geo.Circle as reading converter
2025-05-07T19:21:54.807-05:00 DEBUG 7192 --- [Rina] [           main] o.s.data.convert.CustomConversions       : Adding converter from class org.bson.Document to class org.springframework.data.mongodb.core.geo.Sphere as reading converter
2025-05-07T19:21:54.807-05:00 DEBUG 7192 --- [Rina] [           main] o.s.data.convert.CustomConversions       : Adding converter from class org.bson.Document to class org.springframework.data.geo.Point as reading converter
2025-05-07T19:21:54.807-05:00 DEBUG 7192 --- [Rina] [           main] o.s.data.convert.CustomConversions       : Adding converter from class org.springframework.data.geo.Point to class org.bson.Document as writing converter
2025-05-07T19:21:54.807-05:00 DEBUG 7192 --- [Rina] [           main] o.s.data.convert.CustomConversions       : Adding converter from class org.springframework.data.mongodb.core.query.GeoCommand to class org.bson.Document as writing converter
2025-05-07T19:21:54.807-05:00 DEBUG 7192 --- [Rina] [           main] o.s.data.convert.CustomConversions       : Adding converter from interface org.springframework.data.mongodb.core.geo.GeoJson to class org.bson.Document as writing converter
2025-05-07T19:21:54.808-05:00 DEBUG 7192 --- [Rina] [           main] o.s.data.convert.CustomConversions       : Adding converter from class org.springframework.data.mongodb.core.geo.GeoJsonPoint to class org.bson.Document as writing converter
2025-05-07T19:21:54.808-05:00 DEBUG 7192 --- [Rina] [           main] o.s.data.convert.CustomConversions       : Adding converter from class org.springframework.data.mongodb.core.geo.GeoJsonPolygon to class org.bson.Document as writing converter
2025-05-07T19:21:54.808-05:00 DEBUG 7192 --- [Rina] [           main] o.s.data.convert.CustomConversions       : Adding converter from class org.bson.Document to class org.springframework.data.mongodb.core.geo.GeoJsonPoint as reading converter
2025-05-07T19:21:54.808-05:00 DEBUG 7192 --- [Rina] [           main] o.s.data.convert.CustomConversions       : Adding converter from class org.bson.Document to class org.springframework.data.mongodb.core.geo.GeoJsonPolygon as reading converter
2025-05-07T19:21:54.808-05:00 DEBUG 7192 --- [Rina] [           main] o.s.data.convert.CustomConversions       : Adding converter from class org.bson.Document to class org.springframework.data.mongodb.core.geo.GeoJsonLineString as reading converter
2025-05-07T19:21:54.808-05:00 DEBUG 7192 --- [Rina] [           main] o.s.data.convert.CustomConversions       : Adding converter from class org.bson.Document to class org.springframework.data.mongodb.core.geo.GeoJsonMultiLineString as reading converter
2025-05-07T19:21:54.808-05:00 DEBUG 7192 --- [Rina] [           main] o.s.data.convert.CustomConversions       : Adding converter from class org.bson.Document to class org.springframework.data.mongodb.core.geo.GeoJsonMultiPoint as reading converter
2025-05-07T19:21:54.808-05:00 DEBUG 7192 --- [Rina] [           main] o.s.data.convert.CustomConversions       : Adding converter from class org.bson.Document to class org.springframework.data.mongodb.core.geo.GeoJsonMultiPolygon as reading converter
2025-05-07T19:21:54.808-05:00 DEBUG 7192 --- [Rina] [           main] o.s.data.convert.CustomConversions       : Adding converter from class org.bson.Document to class org.springframework.data.mongodb.core.geo.GeoJsonGeometryCollection as reading converter
2025-05-07T19:21:54.809-05:00 DEBUG 7192 --- [Rina] [           main] o.s.data.convert.CustomConversions       : Adding converter from class org.bson.Document to interface org.springframework.data.mongodb.core.geo.GeoJson as reading converter
2025-05-07T19:21:54.809-05:00 DEBUG 7192 --- [Rina] [           main] o.s.data.convert.CustomConversions       : Adding converter from class java.util.Date to class java.time.LocalDateTime as reading converter
2025-05-07T19:21:54.809-05:00 DEBUG 7192 --- [Rina] [           main] o.s.data.convert.CustomConversions       : Adding converter from class java.time.LocalDateTime to class java.util.Date as writing converter
2025-05-07T19:21:54.809-05:00 DEBUG 7192 --- [Rina] [           main] o.s.data.convert.CustomConversions       : Adding converter from class java.util.Date to class java.time.LocalDate as reading converter
2025-05-07T19:21:54.809-05:00 DEBUG 7192 --- [Rina] [           main] o.s.data.convert.CustomConversions       : Adding converter from class java.time.LocalDate to class java.util.Date as writing converter
2025-05-07T19:21:54.809-05:00 DEBUG 7192 --- [Rina] [           main] o.s.data.convert.CustomConversions       : Adding converter from class java.util.Date to class java.time.LocalTime as reading converter
2025-05-07T19:21:54.809-05:00 DEBUG 7192 --- [Rina] [           main] o.s.data.convert.CustomConversions       : Adding converter from class java.time.LocalTime to class java.util.Date as writing converter
2025-05-07T19:21:54.809-05:00 DEBUG 7192 --- [Rina] [           main] o.s.data.convert.CustomConversions       : Adding converter from class java.util.Date to class java.time.Instant as reading converter
2025-05-07T19:21:54.809-05:00 DEBUG 7192 --- [Rina] [           main] o.s.data.convert.CustomConversions       : Adding converter from class java.time.Instant to class java.util.Date as writing converter
2025-05-07T19:21:54.809-05:00 DEBUG 7192 --- [Rina] [           main] o.s.data.convert.CustomConversions       : Skipping converter from class java.time.LocalDateTime to class java.time.Instant as reading converter class java.time.LocalDateTime is not a store supported simple type
2025-05-07T19:21:54.809-05:00 DEBUG 7192 --- [Rina] [           main] o.s.data.convert.CustomConversions       : Skipping converter from class java.time.Instant to class java.time.LocalDateTime as reading converter class java.time.Instant is not a store supported simple type
2025-05-07T19:21:54.809-05:00 DEBUG 7192 --- [Rina] [           main] o.s.data.convert.CustomConversions       : Adding converter from class java.time.ZoneId to class java.lang.String as writing converter
2025-05-07T19:21:54.810-05:00 DEBUG 7192 --- [Rina] [           main] o.s.data.convert.CustomConversions       : Adding converter from class java.lang.String to class java.time.ZoneId as reading converter
2025-05-07T19:21:54.810-05:00 DEBUG 7192 --- [Rina] [           main] o.s.data.convert.CustomConversions       : Adding converter from class java.time.Duration to class java.lang.String as writing converter
2025-05-07T19:21:54.810-05:00 DEBUG 7192 --- [Rina] [           main] o.s.data.convert.CustomConversions       : Adding converter from class java.lang.String to class java.time.Duration as reading converter
2025-05-07T19:21:54.810-05:00 DEBUG 7192 --- [Rina] [           main] o.s.data.convert.CustomConversions       : Adding converter from class java.time.Period to class java.lang.String as writing converter
2025-05-07T19:21:54.810-05:00 DEBUG 7192 --- [Rina] [           main] o.s.data.convert.CustomConversions       : Adding converter from class java.lang.String to class java.time.Period as reading converter
2025-05-07T19:21:54.810-05:00 DEBUG 7192 --- [Rina] [           main] o.s.data.convert.CustomConversions       : Adding converter from class java.lang.String to class java.time.LocalDate as reading converter
2025-05-07T19:21:54.810-05:00 DEBUG 7192 --- [Rina] [           main] o.s.data.convert.CustomConversions       : Adding converter from class java.lang.String to class java.time.LocalDateTime as reading converter
2025-05-07T19:21:54.810-05:00 DEBUG 7192 --- [Rina] [           main] o.s.data.convert.CustomConversions       : Adding converter from class java.lang.String to class java.time.Instant as reading converter
2025-05-07T19:21:54.814-05:00 DEBUG 7192 --- [Rina] [           main] o.s.b.f.s.DefaultListableBeanFactory     : Creating shared instance of singleton bean 'mongoManagedTypes'
2025-05-07T19:21:54.815-05:00 DEBUG 7192 --- [Rina] [           main] o.s.b.f.s.DefaultListableBeanFactory     : Autowiring by type from bean name 'mongoManagedTypes' via factory method to bean named 'org.springframework.web.context.support.GenericWebApplicationContext@66f66866'
2025-05-07T19:21:54.823-05:00 DEBUG 7192 --- [Rina] [           main] ssPathScanningCandidateComponentProvider : Identified candidate component class: file [C:\Users\Pc\Downloads\exampleArithExpressions\Rina_Backend\target\classes\com\backend\Rina\models\Menu.class]
2025-05-07T19:21:54.823-05:00 DEBUG 7192 --- [Rina] [           main] ssPathScanningCandidateComponentProvider : Identified candidate component class: file [C:\Users\Pc\Downloads\exampleArithExpressions\Rina_Backend\target\classes\com\backend\Rina\models\Receta.class]
2025-05-07T19:21:54.823-05:00 DEBUG 7192 --- [Rina] [           main] ssPathScanningCandidateComponentProvider : Identified candidate component class: file [C:\Users\Pc\Downloads\exampleArithExpressions\Rina_Backend\target\classes\com\backend\Rina\models\Role.class]
2025-05-07T19:21:54.823-05:00 DEBUG 7192 --- [Rina] [           main] ssPathScanningCandidateComponentProvider : Identified candidate component class: file [C:\Users\Pc\Downloads\exampleArithExpressions\Rina_Backend\target\classes\com\backend\Rina\models\User.class]
2025-05-07T19:21:54.825-05:00 DEBUG 7192 --- [Rina] [           main] o.s.b.f.s.DefaultListableBeanFactory     : Autowiring by type from bean name 'mongoMappingContext' via factory method to bean named 'spring.data.mongodb-org.springframework.boot.autoconfigure.mongo.MongoProperties'
2025-05-07T19:21:54.825-05:00 DEBUG 7192 --- [Rina] [           main] o.s.b.f.s.DefaultListableBeanFactory     : Autowiring by type from bean name 'mongoMappingContext' via factory method to bean named 'mongoCustomConversions'
2025-05-07T19:21:54.825-05:00 DEBUG 7192 --- [Rina] [           main] o.s.b.f.s.DefaultListableBeanFactory     : Autowiring by type from bean name 'mongoMappingContext' via factory method to bean named 'mongoManagedTypes'
2025-05-07T19:21:54.922-05:00 DEBUG 7192 --- [Rina] [           main] o.s.b.f.s.DefaultListableBeanFactory     : Creating shared instance of singleton bean 'delegatingApplicationListener'
2025-05-07T19:21:54.953-05:00 DEBUG 7192 --- [Rina] [           main] o.s.b.f.s.DefaultListableBeanFactory     : Autowiring by type from bean name 'mappingMongoConverter' via factory method to bean named 'mongoMappingContext'
2025-05-07T19:21:54.953-05:00 DEBUG 7192 --- [Rina] [           main] o.s.b.f.s.DefaultListableBeanFactory     : Autowiring by type from bean name 'mappingMongoConverter' via factory method to bean named 'mongoCustomConversions'
2025-05-07T19:21:54.965-05:00 DEBUG 7192 --- [Rina] [           main] o.s.data.convert.CustomConversions       : Adding converter from class java.util.Locale to class java.lang.String as writing converter
2025-05-07T19:21:54.966-05:00 DEBUG 7192 --- [Rina] [           main] o.s.data.convert.CustomConversions       : Adding converter from class java.lang.Character to class java.lang.String as writing converter
2025-05-07T19:21:54.966-05:00 DEBUG 7192 --- [Rina] [           main] o.s.data.convert.CustomConversions       : Adding converter from class java.math.BigDecimal to class java.lang.String as writing converter
2025-05-07T19:21:54.966-05:00 DEBUG 7192 --- [Rina] [           main] o.s.data.convert.CustomConversions       : Adding converter from class java.math.BigDecimal to class org.bson.types.Decimal128 as writing converter
2025-05-07T19:21:54.966-05:00 DEBUG 7192 --- [Rina] [           main] o.s.data.convert.CustomConversions       : Adding converter from class java.lang.String to class java.math.BigDecimal as reading converter
2025-05-07T19:21:54.966-05:00 DEBUG 7192 --- [Rina] [           main] o.s.data.convert.CustomConversions       : Adding converter from class org.bson.types.Decimal128 to class java.math.BigDecimal as reading converter
2025-05-07T19:21:54.966-05:00 DEBUG 7192 --- [Rina] [           main] o.s.data.convert.CustomConversions       : Adding converter from class java.math.BigInteger to class java.lang.String as writing converter
2025-05-07T19:21:54.966-05:00 DEBUG 7192 --- [Rina] [           main] o.s.data.convert.CustomConversions       : Adding converter from class java.lang.String to class java.math.BigInteger as reading converter
2025-05-07T19:21:54.966-05:00 DEBUG 7192 --- [Rina] [           main] o.s.data.convert.CustomConversions       : Adding converter from class java.net.URL to class java.lang.String as writing converter
2025-05-07T19:21:54.966-05:00 DEBUG 7192 --- [Rina] [           main] o.s.data.convert.CustomConversions       : Adding converter from class java.lang.String to class java.net.URL as reading converter
2025-05-07T19:21:54.966-05:00 DEBUG 7192 --- [Rina] [           main] o.s.data.convert.CustomConversions       : Adding converter from class org.bson.Document to class java.lang.String as reading converter
2025-05-07T19:21:54.966-05:00 DEBUG 7192 --- [Rina] [           main] o.s.data.convert.CustomConversions       : Adding converter from class org.springframework.data.mongodb.core.query.Term to class java.lang.String as writing converter
2025-05-07T19:21:54.966-05:00 DEBUG 7192 --- [Rina] [           main] o.s.data.convert.CustomConversions       : Adding converter from class org.springframework.data.mongodb.core.script.NamedMongoScript to class org.bson.Document as writing converter
2025-05-07T19:21:54.966-05:00 DEBUG 7192 --- [Rina] [           main] o.s.data.convert.CustomConversions       : Adding converter from class org.bson.Document to class org.springframework.data.mongodb.core.script.NamedMongoScript as reading converter
2025-05-07T19:21:54.966-05:00 DEBUG 7192 --- [Rina] [           main] o.s.data.convert.CustomConversions       : Adding converter from class java.util.Currency to class java.lang.String as writing converter
2025-05-07T19:21:54.967-05:00 DEBUG 7192 --- [Rina] [           main] o.s.data.convert.CustomConversions       : Adding converter from class java.lang.String to class java.util.Currency as reading converter
2025-05-07T19:21:54.967-05:00 DEBUG 7192 --- [Rina] [           main] o.s.data.convert.CustomConversions       : Adding converter from class java.util.concurrent.atomic.AtomicInteger to class java.lang.Integer as writing converter
2025-05-07T19:21:54.967-05:00 DEBUG 7192 --- [Rina] [           main] o.s.data.convert.CustomConversions       : Adding converter from class java.util.concurrent.atomic.AtomicLong to class java.lang.Long as writing converter
2025-05-07T19:21:54.967-05:00 DEBUG 7192 --- [Rina] [           main] o.s.data.convert.CustomConversions       : Adding converter from class java.lang.Long to class java.util.concurrent.atomic.AtomicLong as reading converter
2025-05-07T19:21:54.967-05:00 DEBUG 7192 --- [Rina] [           main] o.s.data.convert.CustomConversions       : Adding converter from class java.lang.Integer to class java.util.concurrent.atomic.AtomicInteger as reading converter
2025-05-07T19:21:54.967-05:00 DEBUG 7192 --- [Rina] [           main] o.s.data.convert.CustomConversions       : Adding converter from class org.bson.types.Binary to class [B as reading converter
2025-05-07T19:21:54.967-05:00 DEBUG 7192 --- [Rina] [           main] o.s.data.convert.CustomConversions       : Adding converter from class org.bson.BsonTimestamp to class java.time.Instant as reading converter
2025-05-07T19:21:54.967-05:00 DEBUG 7192 --- [Rina] [           main] o.s.data.convert.CustomConversions       : Adding converter from class org.bson.BsonUndefined to class java.lang.Object as reading converter
2025-05-07T19:21:54.967-05:00 DEBUG 7192 --- [Rina] [           main] o.s.data.convert.CustomConversions       : Adding converter from class java.net.URI to class java.lang.String as writing converter
2025-05-07T19:21:54.967-05:00 DEBUG 7192 --- [Rina] [           main] o.s.data.convert.CustomConversions       : Adding converter from class java.lang.String to class java.net.URI as reading converter
2025-05-07T19:21:54.967-05:00 DEBUG 7192 --- [Rina] [           main] o.s.data.convert.CustomConversions       : Adding converter from class org.springframework.data.geo.Box to class org.bson.Document as writing converter
2025-05-07T19:21:54.967-05:00 DEBUG 7192 --- [Rina] [           main] o.s.data.convert.CustomConversions       : Adding converter from class org.springframework.data.geo.Polygon to class org.bson.Document as writing converter
2025-05-07T19:21:54.967-05:00 DEBUG 7192 --- [Rina] [           main] o.s.data.convert.CustomConversions       : Adding converter from class org.springframework.data.geo.Circle to class org.bson.Document as writing converter
2025-05-07T19:21:54.967-05:00 DEBUG 7192 --- [Rina] [           main] o.s.data.convert.CustomConversions       : Adding converter from class org.springframework.data.mongodb.core.geo.Sphere to class org.bson.Document as writing converter
2025-05-07T19:21:54.967-05:00 DEBUG 7192 --- [Rina] [           main] o.s.data.convert.CustomConversions       : Adding converter from class org.bson.Document to class org.springframework.data.geo.Box as reading converter
2025-05-07T19:21:54.968-05:00 DEBUG 7192 --- [Rina] [           main] o.s.data.convert.CustomConversions       : Adding converter from class org.bson.Document to class org.springframework.data.geo.Polygon as reading converter
2025-05-07T19:21:54.968-05:00 DEBUG 7192 --- [Rina] [           main] o.s.data.convert.CustomConversions       : Adding converter from class org.bson.Document to class org.springframework.data.geo.Circle as reading converter
2025-05-07T19:21:54.968-05:00 DEBUG 7192 --- [Rina] [           main] o.s.data.convert.CustomConversions       : Adding converter from class org.bson.Document to class org.springframework.data.mongodb.core.geo.Sphere as reading converter
2025-05-07T19:21:54.968-05:00 DEBUG 7192 --- [Rina] [           main] o.s.data.convert.CustomConversions       : Adding converter from class org.bson.Document to class org.springframework.data.geo.Point as reading converter
2025-05-07T19:21:54.968-05:00 DEBUG 7192 --- [Rina] [           main] o.s.data.convert.CustomConversions       : Adding converter from class org.springframework.data.geo.Point to class org.bson.Document as writing converter
2025-05-07T19:21:54.968-05:00 DEBUG 7192 --- [Rina] [           main] o.s.data.convert.CustomConversions       : Adding converter from class org.springframework.data.mongodb.core.query.GeoCommand to class org.bson.Document as writing converter
2025-05-07T19:21:54.968-05:00 DEBUG 7192 --- [Rina] [           main] o.s.data.convert.CustomConversions       : Adding converter from interface org.springframework.data.mongodb.core.geo.GeoJson to class org.bson.Document as writing converter
2025-05-07T19:21:54.968-05:00 DEBUG 7192 --- [Rina] [           main] o.s.data.convert.CustomConversions       : Adding converter from class org.springframework.data.mongodb.core.geo.GeoJsonPoint to class org.bson.Document as writing converter
2025-05-07T19:21:54.968-05:00 DEBUG 7192 --- [Rina] [           main] o.s.data.convert.CustomConversions       : Adding converter from class org.springframework.data.mongodb.core.geo.GeoJsonPolygon to class org.bson.Document as writing converter
2025-05-07T19:21:54.968-05:00 DEBUG 7192 --- [Rina] [           main] o.s.data.convert.CustomConversions       : Adding converter from class org.bson.Document to class org.springframework.data.mongodb.core.geo.GeoJsonPoint as reading converter
2025-05-07T19:21:54.968-05:00 DEBUG 7192 --- [Rina] [           main] o.s.data.convert.CustomConversions       : Adding converter from class org.bson.Document to class org.springframework.data.mongodb.core.geo.GeoJsonPolygon as reading converter
2025-05-07T19:21:54.968-05:00 DEBUG 7192 --- [Rina] [           main] o.s.data.convert.CustomConversions       : Adding converter from class org.bson.Document to class org.springframework.data.mongodb.core.geo.GeoJsonLineString as reading converter
2025-05-07T19:21:54.968-05:00 DEBUG 7192 --- [Rina] [           main] o.s.data.convert.CustomConversions       : Adding converter from class org.bson.Document to class org.springframework.data.mongodb.core.geo.GeoJsonMultiLineString as reading converter
2025-05-07T19:21:54.968-05:00 DEBUG 7192 --- [Rina] [           main] o.s.data.convert.CustomConversions       : Adding converter from class org.bson.Document to class org.springframework.data.mongodb.core.geo.GeoJsonMultiPoint as reading converter
2025-05-07T19:21:54.969-05:00 DEBUG 7192 --- [Rina] [           main] o.s.data.convert.CustomConversions       : Adding converter from class org.bson.Document to class org.springframework.data.mongodb.core.geo.GeoJsonMultiPolygon as reading converter
2025-05-07T19:21:54.969-05:00 DEBUG 7192 --- [Rina] [           main] o.s.data.convert.CustomConversions       : Adding converter from class org.bson.Document to class org.springframework.data.mongodb.core.geo.GeoJsonGeometryCollection as reading converter
2025-05-07T19:21:54.969-05:00 DEBUG 7192 --- [Rina] [           main] o.s.data.convert.CustomConversions       : Adding converter from class org.bson.Document to interface org.springframework.data.mongodb.core.geo.GeoJson as reading converter
2025-05-07T19:21:54.969-05:00 DEBUG 7192 --- [Rina] [           main] o.s.data.convert.CustomConversions       : Adding converter from class java.util.Date to class java.time.LocalDateTime as reading converter
2025-05-07T19:21:54.969-05:00 DEBUG 7192 --- [Rina] [           main] o.s.data.convert.CustomConversions       : Adding converter from class java.time.LocalDateTime to class java.util.Date as writing converter
2025-05-07T19:21:54.969-05:00 DEBUG 7192 --- [Rina] [           main] o.s.data.convert.CustomConversions       : Adding converter from class java.util.Date to class java.time.LocalDate as reading converter
2025-05-07T19:21:54.969-05:00 DEBUG 7192 --- [Rina] [           main] o.s.data.convert.CustomConversions       : Adding converter from class java.time.LocalDate to class java.util.Date as writing converter
2025-05-07T19:21:54.969-05:00 DEBUG 7192 --- [Rina] [           main] o.s.data.convert.CustomConversions       : Adding converter from class java.util.Date to class java.time.LocalTime as reading converter
2025-05-07T19:21:54.969-05:00 DEBUG 7192 --- [Rina] [           main] o.s.data.convert.CustomConversions       : Adding converter from class java.time.LocalTime to class java.util.Date as writing converter
2025-05-07T19:21:54.969-05:00 DEBUG 7192 --- [Rina] [           main] o.s.data.convert.CustomConversions       : Adding converter from class java.util.Date to class java.time.Instant as reading converter
2025-05-07T19:21:54.969-05:00 DEBUG 7192 --- [Rina] [           main] o.s.data.convert.CustomConversions       : Adding converter from class java.time.Instant to class java.util.Date as writing converter
2025-05-07T19:21:54.969-05:00 DEBUG 7192 --- [Rina] [           main] o.s.data.convert.CustomConversions       : Skipping converter from class java.time.LocalDateTime to class java.time.Instant as reading converter class java.time.LocalDateTime is not a store supported simple type
2025-05-07T19:21:54.969-05:00 DEBUG 7192 --- [Rina] [           main] o.s.data.convert.CustomConversions       : Skipping converter from class java.time.Instant to class java.time.LocalDateTime as reading converter class java.time.Instant is not a store supported simple type
2025-05-07T19:21:54.970-05:00 DEBUG 7192 --- [Rina] [           main] o.s.data.convert.CustomConversions       : Adding converter from class java.time.ZoneId to class java.lang.String as writing converter
2025-05-07T19:21:54.970-05:00 DEBUG 7192 --- [Rina] [           main] o.s.data.convert.CustomConversions       : Adding converter from class java.lang.String to class java.time.ZoneId as reading converter
2025-05-07T19:21:54.970-05:00 DEBUG 7192 --- [Rina] [           main] o.s.data.convert.CustomConversions       : Adding converter from class java.time.Duration to class java.lang.String as writing converter
2025-05-07T19:21:54.970-05:00 DEBUG 7192 --- [Rina] [           main] o.s.data.convert.CustomConversions       : Adding converter from class java.lang.String to class java.time.Duration as reading converter
2025-05-07T19:21:54.970-05:00 DEBUG 7192 --- [Rina] [           main] o.s.data.convert.CustomConversions       : Adding converter from class java.time.Period to class java.lang.String as writing converter
2025-05-07T19:21:54.970-05:00 DEBUG 7192 --- [Rina] [           main] o.s.data.convert.CustomConversions       : Adding converter from class java.lang.String to class java.time.Period as reading converter
2025-05-07T19:21:54.970-05:00 DEBUG 7192 --- [Rina] [           main] o.s.data.convert.CustomConversions       : Adding converter from class java.lang.String to class java.time.LocalDate as reading converter
2025-05-07T19:21:54.970-05:00 DEBUG 7192 --- [Rina] [           main] o.s.data.convert.CustomConversions       : Adding converter from class java.lang.String to class java.time.LocalDateTime as reading converter
2025-05-07T19:21:54.970-05:00 DEBUG 7192 --- [Rina] [           main] o.s.data.convert.CustomConversions       : Adding converter from class java.lang.String to class java.time.Instant as reading converter
2025-05-07T19:21:55.013-05:00 DEBUG 7192 --- [Rina] [           main] o.s.b.f.s.DefaultListableBeanFactory     : Autowiring by type from bean name 'mongoTemplate' via factory method to bean named 'mongoDatabaseFactory'
2025-05-07T19:21:55.013-05:00 DEBUG 7192 --- [Rina] [           main] o.s.b.f.s.DefaultListableBeanFactory     : Autowiring by type from bean name 'mongoTemplate' via factory method to bean named 'mappingMongoConverter'
2025-05-07T19:21:55.092-05:00 DEBUG 7192 --- [Rina] [           main] o.s.d.r.c.s.RepositoryFactorySupport     : Initializing repository instance for com.backend.Rina.repository.UserRepository…
2025-05-07T19:21:55.207-05:00 DEBUG 7192 --- [Rina] [           main] o.s.d.r.c.s.RepositoryFactorySupport     : Finished creation of repository instance for com.backend.Rina.repository.UserRepository.
2025-05-07T19:21:55.214-05:00 DEBUG 7192 --- [Rina] [           main] o.s.b.f.s.DefaultListableBeanFactory     : Creating shared instance of singleton bean 'authEntryPointJwt'
2025-05-07T19:21:55.217-05:00 DEBUG 7192 --- [Rina] [           main] o.s.b.f.s.DefaultListableBeanFactory     : Creating shared instance of singleton bean 'org.springframework.security.config.annotation.authentication.configuration.AuthenticationConfiguration'
2025-05-07T19:21:55.223-05:00 DEBUG 7192 --- [Rina] [           main] o.s.b.f.s.DefaultListableBeanFactory     : Creating shared instance of singleton bean 'enableGlobalAuthenticationAutowiredConfigurer'
2025-05-07T19:21:55.223-05:00 DEBUG 7192 --- [Rina] [           main] o.s.b.f.s.DefaultListableBeanFactory     : Autowiring by type from bean name 'enableGlobalAuthenticationAutowiredConfigurer' via factory method to bean named 'org.springframework.web.context.support.GenericWebApplicationContext@66f66866'
2025-05-07T19:21:55.225-05:00 DEBUG 7192 --- [Rina] [           main] o.s.b.f.s.DefaultListableBeanFactory     : Creating shared instance of singleton bean 'initializeUserDetailsBeanManagerConfigurer'
2025-05-07T19:21:55.225-05:00 DEBUG 7192 --- [Rina] [           main] o.s.b.f.s.DefaultListableBeanFactory     : Autowiring by type from bean name 'initializeUserDetailsBeanManagerConfigurer' via factory method to bean named 'org.springframework.web.context.support.GenericWebApplicationContext@66f66866'
2025-05-07T19:21:55.226-05:00 DEBUG 7192 --- [Rina] [           main] o.s.b.f.s.DefaultListableBeanFactory     : Creating shared instance of singleton bean 'initializeAuthenticationProviderBeanManagerConfigurer'
2025-05-07T19:21:55.227-05:00 DEBUG 7192 --- [Rina] [           main] o.s.b.f.s.DefaultListableBeanFactory     : Autowiring by type from bean name 'initializeAuthenticationProviderBeanManagerConfigurer' via factory method to bean named 'org.springframework.web.context.support.GenericWebApplicationContext@66f66866'
2025-05-07T19:21:55.230-05:00 DEBUG 7192 --- [Rina] [           main] o.s.b.f.s.DefaultListableBeanFactory     : Creating shared instance of singleton bean 'objectPostProcessor'
2025-05-07T19:21:55.230-05:00 DEBUG 7192 --- [Rina] [           main] o.s.b.f.s.DefaultListableBeanFactory     : Creating shared instance of singleton bean 'org.springframework.security.config.annotation.configuration.ObjectPostProcessorConfiguration'
2025-05-07T19:21:55.231-05:00 DEBUG 7192 --- [Rina] [           main] o.s.b.f.s.DefaultListableBeanFactory     : Autowiring by type from bean name 'objectPostProcessor' via factory method to bean named 'org.springframework.beans.factory.support.DefaultListableBeanFactory@61533ae'
2025-05-07T19:21:55.247-05:00 DEBUG 7192 --- [Rina] [           main] o.s.b.f.s.DefaultListableBeanFactory     : Autowiring by type from bean name 'authenticationManager' via factory method to bean named 'org.springframework.security.config.annotation.authentication.configuration.AuthenticationConfiguration'
2025-05-07T19:21:55.250-05:00 DEBUG 7192 --- [Rina] [           main] o.s.b.f.s.DefaultListableBeanFactory     : Creating shared instance of singleton bean 'authenticationManagerBuilder'
2025-05-07T19:21:55.250-05:00 DEBUG 7192 --- [Rina] [           main] o.s.b.f.s.DefaultListableBeanFactory     : Autowiring by type from bean name 'authenticationManagerBuilder' via factory method to bean named 'objectPostProcessor'
2025-05-07T19:21:55.250-05:00 DEBUG 7192 --- [Rina] [           main] o.s.b.f.s.DefaultListableBeanFactory     : Autowiring by type from bean name 'authenticationManagerBuilder' via factory method to bean named 'org.springframework.web.context.support.GenericWebApplicationContext@66f66866'
2025-05-07T19:21:55.252-05:00 DEBUG 7192 --- [Rina] [           main] o.s.b.f.s.DefaultListableBeanFactory     : Creating shared instance of singleton bean 'authenticationEventPublisher'
2025-05-07T19:21:55.252-05:00 DEBUG 7192 --- [Rina] [           main] o.s.b.f.s.DefaultListableBeanFactory     : Creating shared instance of singleton bean 'org.springframework.boot.autoconfigure.security.servlet.SecurityAutoConfiguration'
2025-05-07T19:21:55.254-05:00 DEBUG 7192 --- [Rina] [           main] o.s.b.f.s.DefaultListableBeanFactory     : Autowiring by type from bean name 'authenticationEventPublisher' via factory method to bean named 'org.springframework.web.context.support.GenericWebApplicationContext@66f66866'
2025-05-07T19:21:55.269-05:00 DEBUG 7192 --- [Rina] [           main] o.s.b.f.s.DefaultListableBeanFactory     : Creating shared instance of singleton bean 'org.springframework.boot.autoconfigure.security.servlet.SpringBootWebSecurityConfiguration$WebSecurityEnablerConfiguration'
2025-05-07T19:21:55.272-05:00 DEBUG 7192 --- [Rina] [           main] o.s.b.f.s.DefaultListableBeanFactory     : Creating shared instance of singleton bean 'authenticationProvider'
2025-05-07T19:21:55.323-05:00 DEBUG 7192 --- [Rina] [           main] o.s.b.f.s.DefaultListableBeanFactory     : Creating shared instance of singleton bean 'passwordEncoder'
2025-05-07T19:21:55.327-05:00  INFO 7192 --- [Rina] [           main] eAuthenticationProviderManagerConfigurer : Global AuthenticationManager configured with AuthenticationProvider bean with name authenticationProvider
2025-05-07T19:21:55.328-05:00  WARN 7192 --- [Rina] [           main] r$InitializeUserDetailsManagerConfigurer : Global AuthenticationManager configured with an AuthenticationProvider bean. UserDetailsService beans will not be used by Spring Security for automatically configuring username/password login. Consider removing the AuthenticationProvider bean. Alternatively, consider using the UserDetailsService in a manually instantiated DaoAuthenticationProvider. If the current configuration is intentional, to turn off this warning, increase the logging level of 'org.springframework.security.config.annotation.authentication.configuration.InitializeUserDetailsBeanManagerConfigurer' to ERROR
2025-05-07T19:21:55.331-05:00 DEBUG 7192 --- [Rina] [           main] o.s.b.f.s.DefaultListableBeanFactory     : Creating shared instance of singleton bean 'roleRepository'
2025-05-07T19:21:55.331-05:00 DEBUG 7192 --- [Rina] [           main] o.s.b.f.s.DefaultListableBeanFactory     : Creating shared instance of singleton bean 'mongo.named-queries#1'
2025-05-07T19:21:55.333-05:00 DEBUG 7192 --- [Rina] [           main] o.s.b.f.s.DefaultListableBeanFactory     : Creating shared instance of singleton bean 'mongodb.RoleRepository.fragments#0'
2025-05-07T19:21:55.335-05:00 DEBUG 7192 --- [Rina] [           main] o.s.d.r.c.s.RepositoryFactorySupport     : Initializing repository instance for com.backend.Rina.repository.RoleRepository…
2025-05-07T19:21:55.341-05:00 DEBUG 7192 --- [Rina] [           main] o.s.d.r.c.s.RepositoryFactorySupport     : Finished creation of repository instance for com.backend.Rina.repository.RoleRepository.
2025-05-07T19:21:55.345-05:00 DEBUG 7192 --- [Rina] [           main] o.s.b.f.s.DefaultListableBeanFactory     : Creating shared instance of singleton bean 'jwtUtils'
2025-05-07T19:21:55.345-05:00 DEBUG 7192 --- [Rina] [           main] ySourcesPropertyResolver$DefaultResolver : Found key 'rina.app.jwtSecret' in PropertySource 'Config resource 'class path resource [application.properties]' via location 'optional:classpath:/'' with value of type String
2025-05-07T19:21:55.346-05:00 DEBUG 7192 --- [Rina] [           main] o.s.c.e.PropertySourcesPropertyResolver  : Found key 'rina.app.jwtSecret' in PropertySource 'environmentProperties' with value of type String
2025-05-07T19:21:55.346-05:00 DEBUG 7192 --- [Rina] [           main] ySourcesPropertyResolver$DefaultResolver : Found key 'rina.app.jwtExpirationMs' in PropertySource 'Config resource 'class path resource [application.properties]' via location 'optional:classpath:/'' with value of type String
2025-05-07T19:21:55.346-05:00 DEBUG 7192 --- [Rina] [           main] o.s.c.e.PropertySourcesPropertyResolver  : Found key 'rina.app.jwtExpirationMs' in PropertySource 'environmentProperties' with value of type String
2025-05-07T19:21:55.349-05:00 DEBUG 7192 --- [Rina] [           main] o.s.b.f.s.DefaultListableBeanFactory     : Creating shared instance of singleton bean 'menuController'
2025-05-07T19:21:55.349-05:00 DEBUG 7192 --- [Rina] [           main] o.s.b.f.s.DefaultListableBeanFactory     : Creating shared instance of singleton bean 'menuService'
2025-05-07T19:21:55.350-05:00 DEBUG 7192 --- [Rina] [           main] o.s.b.f.s.DefaultListableBeanFactory     : Creating shared instance of singleton bean 'menuRepository'
2025-05-07T19:21:55.350-05:00 DEBUG 7192 --- [Rina] [           main] o.s.b.f.s.DefaultListableBeanFactory     : Creating shared instance of singleton bean 'mongo.named-queries#0'
2025-05-07T19:21:55.351-05:00 DEBUG 7192 --- [Rina] [           main] o.s.b.f.s.DefaultListableBeanFactory     : Creating shared instance of singleton bean 'mongodb.MenuRepository.fragments#0'
2025-05-07T19:21:55.354-05:00 DEBUG 7192 --- [Rina] [           main] o.s.d.r.c.s.RepositoryFactorySupport     : Initializing repository instance for com.backend.Rina.repository.MenuRepository…
2025-05-07T19:21:55.358-05:00 DEBUG 7192 --- [Rina] [           main] o.s.d.r.c.s.RepositoryFactorySupport     : Finished creation of repository instance for com.backend.Rina.repository.MenuRepository.
2025-05-07T19:21:55.362-05:00 DEBUG 7192 --- [Rina] [           main] o.s.b.f.s.DefaultListableBeanFactory     : Creating shared instance of singleton bean 'weeklyMenuList'
2025-05-07T19:21:55.363-05:00 DEBUG 7192 --- [Rina] [           main] o.s.b.f.s.DefaultListableBeanFactory     : Creating shared instance of singleton bean 'recetaService'
2025-05-07T19:21:55.363-05:00 DEBUG 7192 --- [Rina] [           main] o.s.b.f.s.DefaultListableBeanFactory     : Creating shared instance of singleton bean 'recetaRepository'
2025-05-07T19:21:55.364-05:00 DEBUG 7192 --- [Rina] [           main] o.s.b.f.s.DefaultListableBeanFactory     : Creating shared instance of singleton bean 'mongo.named-queries#2'
2025-05-07T19:21:55.365-05:00 DEBUG 7192 --- [Rina] [           main] o.s.b.f.s.DefaultListableBeanFactory     : Creating shared instance of singleton bean 'mongodb.RecetaRepository.fragments#0'
2025-05-07T19:21:55.367-05:00 DEBUG 7192 --- [Rina] [           main] o.s.d.r.c.s.RepositoryFactorySupport     : Initializing repository instance for com.backend.Rina.repository.RecetaRepository…
2025-05-07T19:21:55.374-05:00 DEBUG 7192 --- [Rina] [           main] o.s.d.r.c.s.RepositoryFactorySupport     : Finished creation of repository instance for com.backend.Rina.repository.RecetaRepository.
2025-05-07T19:21:55.376-05:00 DEBUG 7192 --- [Rina] [           main] o.s.b.f.s.DefaultListableBeanFactory     : Autowiring by type from bean name 'recetaService' via constructor to bean named 'recetaRepository'
2025-05-07T19:21:55.377-05:00 DEBUG 7192 --- [Rina] [           main] o.s.b.f.s.DefaultListableBeanFactory     : Creating shared instance of singleton bean 'recetaController'
2025-05-07T19:21:55.381-05:00 DEBUG 7192 --- [Rina] [           main] o.s.b.f.s.DefaultListableBeanFactory     : Creating shared instance of singleton bean 'fileStorageService'
2025-05-07T19:21:55.382-05:00 DEBUG 7192 --- [Rina] [           main] o.s.b.f.s.DefaultListableBeanFactory     : Creating shared instance of singleton bean 'storage-com.backend.Rina.config.StorageProperties'
Configuración de almacenamiento inicializada. Ruta: C:\Users\Pc\Downloads\exampleArithExpressions\Rina_Backend\uploads
2025-05-07T19:21:55.390-05:00 DEBUG 7192 --- [Rina] [           main] o.s.b.f.s.DefaultListableBeanFactory     : Autowiring by type from bean name 'fileStorageService' via constructor to bean named 'storage-com.backend.Rina.config.StorageProperties'
2025-05-07T19:21:55.391-05:00 DEBUG 7192 --- [Rina] [           main] o.s.b.f.s.DefaultListableBeanFactory     : Autowiring by type from bean name 'recetaController' via constructor to bean named 'recetaService'
2025-05-07T19:21:55.392-05:00 DEBUG 7192 --- [Rina] [           main] o.s.b.f.s.DefaultListableBeanFactory     : Autowiring by type from bean name 'recetaController' via constructor to bean named 'fileStorageService'
2025-05-07T19:21:55.428-05:00 DEBUG 7192 --- [Rina] [           main] o.s.b.f.s.DefaultListableBeanFactory     : Creating shared instance of singleton bean '_prePostMethodSecurityConfiguration'
2025-05-07T19:21:55.430-05:00 DEBUG 7192 --- [Rina] [           main] o.s.b.f.s.DefaultListableBeanFactory     : Creating shared instance of singleton bean 'methodAuthorizationManagerPostProcessor'
2025-05-07T19:21:55.440-05:00 DEBUG 7192 --- [Rina] [           main] o.s.b.f.s.DefaultListableBeanFactory     : Creating shared instance of singleton bean 'methodResultAuthorizationManagerPostProcessor'
2025-05-07T19:21:55.447-05:00 DEBUG 7192 --- [Rina] [           main] o.s.b.f.s.DefaultListableBeanFactory     : Creating shared instance of singleton bean 'prePostAuthorizeExpressionHintsRegistrar'
2025-05-07T19:21:55.450-05:00 DEBUG 7192 --- [Rina] [           main] o.s.b.f.s.DefaultListableBeanFactory     : Creating shared instance of singleton bean 'org.springframework.security.config.annotation.method.configuration.AuthorizationProxyConfiguration'
2025-05-07T19:21:55.450-05:00 DEBUG 7192 --- [Rina] [           main] o.s.b.f.s.DefaultListableBeanFactory     : Creating shared instance of singleton bean 'authorizeReturnObjectHintsRegistrar'
2025-05-07T19:21:55.451-05:00 DEBUG 7192 --- [Rina] [           main] o.s.b.f.s.DefaultListableBeanFactory     : Autowiring by type from bean name 'authorizeReturnObjectHintsRegistrar' via factory method to bean named 'authorizationProxyFactory'
2025-05-07T19:21:55.453-05:00 DEBUG 7192 --- [Rina] [           main] o.s.b.f.s.DefaultListableBeanFactory     : Creating shared instance of singleton bean 'org.springframework.security.config.annotation.method.configuration.MethodObservationConfiguration'
[...]
      Did not match:
         - @ConditionalOnWebApplication did not find reactive web application classes (OnWebApplicationCondition)

   WebSocketServletAutoConfiguration.JettyWebSocketConfiguration:
      Did not match:
         - @ConditionalOnClass did not find required class 'org.eclipse.jetty.ee10.websocket.jakarta.server.config.JakartaWebSocketServletContainerInitializer' (OnClassCondition)

   WebSocketServletAutoConfiguration.UndertowWebSocketConfiguration:
      Did not match:
         - @ConditionalOnClass did not find required class 'io.undertow.websockets.jsr.Bootstrap' (OnClassCondition)

   XADataSourceAutoConfiguration:
      Did not match:
         - @ConditionalOnClass did not find required class 'jakarta.transaction.TransactionManager' (OnClassCondition)


Exclusions:
-----------

    None


Unconditional classes:
----------------------

    org.springframework.boot.autoconfigure.context.ConfigurationPropertiesAutoConfiguration

    org.springframework.boot.autoconfigure.ssl.SslAutoConfiguration

    org.springframework.boot.autoconfigure.context.LifecycleAutoConfiguration

    org.springframework.boot.autoconfigure.context.PropertyPlaceholderAutoConfiguration

    org.springframework.boot.autoconfigure.availability.ApplicationAvailabilityAutoConfiguration

    org.springframework.boot.autoconfigure.info.ProjectInfoAutoConfiguration



2025-05-07T19:21:56.626-05:00  INFO 7192 --- [Rina] [           main] com.backend.Rina.RinaApplicationTests    : Started RinaApplicationTests in 4.35 seconds (process running for 5.836)
2025-05-07T19:21:56.628-05:00 DEBUG 7192 --- [Rina] [           main] o.s.b.a.ApplicationAvailabilityBean      : Application availability state LivenessState changed to CORRECT
2025-05-07T19:21:56.631-05:00 DEBUG 7192 --- [Rina] [           main] o.s.b.a.ApplicationAvailabilityBean      : Application availability state ReadinessState changed to ACCEPTING_TRAFFIC
2025-05-07T19:21:56.633-05:00 DEBUG 7192 --- [Rina] [           main] org.springframework.test.context.cache   : Spring test ApplicationContext cache statistics: [DefaultContextCache@d13379e size = 1, maxSize = 32, parentContextCount = 0, hitCount = 0, missCount = 1, failureCount = 0]
2025-05-07T19:21:56.633-05:00 DEBUG 7192 --- [Rina] [           main] o.s.t.c.w.ServletTestExecutionListener   : Setting up MockHttpServletRequest, MockHttpServletResponse, ServletWebRequest, and RequestContextHolder for test class com.backend.Rina.RinaApplicationTests
2025-05-07T19:21:56.650-05:00 DEBUG 7192 --- [Rina] [           main] DependencyInjectionTestExecutionListener : Performing dependency injection for test class com.backend.Rina.RinaApplicationTests
2025-05-07T19:21:56.650-05:00 DEBUG 7192 --- [Rina] [           main] org.springframework.test.context.cache   : Spring test ApplicationContext cache statistics: [DefaultContextCache@d13379e size = 1, maxSize = 32, parentContextCount = 0, hitCount = 1, missCount = 1, failureCount = 0]
2025-05-07T19:21:56.652-05:00 DEBUG 7192 --- [Rina] [           main] org.springframework.test.context.cache   : Spring test ApplicationContext cache statistics: [DefaultContextCache@d13379e size = 1, maxSize = 32, parentContextCount = 0, hitCount = 2, missCount = 1, failureCount = 0]
2025-05-07T19:21:56.658-05:00 DEBUG 7192 --- [Rina] [           main] sContextBeforeModesTestExecutionListener : Before test method: class [RinaApplicationTests], method [contextLoads], class annotated with @DirtiesContext [false] with mode [null], method annotated with @DirtiesContext [false] with mode [null]
2025-05-07T19:21:56.660-05:00 DEBUG 7192 --- [Rina] [           main] org.springframework.test.context.cache   : Spring test ApplicationContext cache statistics: [DefaultContextCache@d13379e size = 1, maxSize = 32, parentContextCount = 0, hitCount = 3, missCount = 1, failureCount = 0]
2025-05-07T19:21:56.661-05:00 DEBUG 7192 --- [Rina] [           main] org.springframework.test.context.cache   : Spring test ApplicationContext cache statistics: [DefaultContextCache@d13379e size = 1, maxSize = 32, parentContextCount = 0, hitCount = 4, missCount = 1, failureCount = 0]
2025-05-07T19:21:56.718-05:00 DEBUG 7192 --- [Rina] [           main] java.lang.ProcessBuilder                 : ProcessBuilder.start(): pid: 25596, dir: null, cmd: "C:\Program Files\Eclipse Adoptium\jdk-21.0.7.6-hotspot\bin\java.exe"

java.lang.RuntimeException: ProcessBuilder.start() debug
	at java.base/java.lang.ProcessBuilder.start(ProcessBuilder.java:1147) ~[na:na]
	at java.base/java.lang.ProcessBuilder.start(ProcessBuilder.java:1089) ~[na:na]
	at net.bytebuddy.agent.ByteBuddyAgent.installExternal(ByteBuddyAgent.java:673) ~[byte-buddy-agent-1.15.11.jar:na]
	at net.bytebuddy.agent.ByteBuddyAgent.install(ByteBuddyAgent.java:604) ~[byte-buddy-agent-1.15.11.jar:na]
	at net.bytebuddy.agent.ByteBuddyAgent.install(ByteBuddyAgent.java:584) ~[byte-buddy-agent-1.15.11.jar:na]
	at net.bytebuddy.agent.ByteBuddyAgent.install(ByteBuddyAgent.java:536) ~[byte-buddy-agent-1.15.11.jar:na]
	at net.bytebuddy.agent.ByteBuddyAgent.install(ByteBuddyAgent.java:513) ~[byte-buddy-agent-1.15.11.jar:na]
	at org.mockito.internal.PremainAttachAccess.getInstrumentation(PremainAttachAccess.java:49) ~[mockito-core-5.14.2.jar:na]
	at org.mockito.internal.creation.bytebuddy.InlineDelegateByteBuddyMockMaker.<clinit>(InlineDelegateByteBuddyMockMaker.java:138) ~[mockito-core-5.14.2.jar:na]
	at org.mockito.internal.creation.bytebuddy.InlineByteBuddyMockMaker.<init>(InlineByteBuddyMockMaker.java:23) ~[mockito-core-5.14.2.jar:na]
	at java.base/jdk.internal.reflect.DirectConstructorHandleAccessor.newInstance(DirectConstructorHandleAccessor.java:62) ~[na:na]
	at java.base/java.lang.reflect.Constructor.newInstanceWithCaller(Constructor.java:502) ~[na:na]
	at java.base/java.lang.reflect.Constructor.newInstance(Constructor.java:486) ~[na:na]
	at org.mockito.internal.configuration.plugins.DefaultMockitoPlugins.create(DefaultMockitoPlugins.java:103) ~[mockito-core-5.14.2.jar:na]
	at org.mockito.internal.configuration.plugins.DefaultMockitoPlugins.getDefaultPlugin(DefaultMockitoPlugins.java:79) ~[mockito-core-5.14.2.jar:na]
	at org.mockito.internal.configuration.plugins.PluginLoader.loadPlugin(PluginLoader.java:75) ~[mockito-core-5.14.2.jar:na]
	at org.mockito.internal.configuration.plugins.PluginLoader.loadPlugin(PluginLoader.java:49) ~[mockito-core-5.14.2.jar:na]
	at org.mockito.internal.configuration.plugins.PluginRegistry.<init>(PluginRegistry.java:29) ~[mockito-core-5.14.2.jar:na]
	at org.mockito.internal.configuration.plugins.Plugins.<clinit>(Plugins.java:26) ~[mockito-core-5.14.2.jar:na]
	at org.mockito.internal.MockitoCore.<clinit>(MockitoCore.java:71) ~[mockito-core-5.14.2.jar:na]
	at org.mockito.Mockito.<clinit>(Mockito.java:1741) ~[mockito-core-5.14.2.jar:na]
	at org.springframework.boot.test.mock.mockito.MockReset.get(MockReset.java:109) ~[spring-boot-test-3.4.3.jar:3.4.3]
	at org.springframework.boot.test.mock.mockito.ResetMocksTestExecutionListener.resetMocks(ResetMocksTestExecutionListener.java:89) ~[spring-boot-test-3.4.3.jar:3.4.3]
	at org.springframework.boot.test.mock.mockito.ResetMocksTestExecutionListener.resetMocks(ResetMocksTestExecutionListener.java:77) ~[spring-boot-test-3.4.3.jar:3.4.3]
	at org.springframework.boot.test.mock.mockito.ResetMocksTestExecutionListener.beforeTestMethod(ResetMocksTestExecutionListener.java:64) ~[spring-boot-test-3.4.3.jar:3.4.3]
	at org.springframework.test.context.TestContextManager.beforeTestMethod(TestContextManager.java:320) ~[spring-test-6.2.3.jar:6.2.3]
	at org.springframework.test.context.junit.jupiter.SpringExtension.beforeEach(SpringExtension.java:237) ~[spring-test-6.2.3.jar:6.2.3]
	at org.junit.jupiter.engine.descriptor.TestMethodTestDescriptor.lambda$invokeBeforeEachCallbacks$3(TestMethodTestDescriptor.java:166) ~[junit-jupiter-engine-5.11.4.jar:5.11.4]
	at org.junit.jupiter.engine.descriptor.TestMethodTestDescriptor.lambda$invokeBeforeMethodsOrCallbacksUntilExceptionOccurs$7(TestMethodTestDescriptor.java:202) ~[junit-jupiter-engine-5.11.4.jar:5.11.4]
	at org.junit.platform.engine.support.hierarchical.ThrowableCollector.execute(ThrowableCollector.java:73) ~[junit-platform-engine-1.11.4.jar:1.11.4]
	at org.junit.jupiter.engine.descriptor.TestMethodTestDescriptor.invokeBeforeMethodsOrCallbacksUntilExceptionOccurs(TestMethodTestDescriptor.java:202) ~[junit-jupiter-engine-5.11.4.jar:5.11.4]
	at org.junit.jupiter.engine.descriptor.TestMethodTestDescriptor.invokeBeforeEachCallbacks(TestMethodTestDescriptor.java:165) ~[junit-jupiter-engine-5.11.4.jar:5.11.4]
	at org.junit.jupiter.engine.descriptor.TestMethodTestDescriptor.execute(TestMethodTestDescriptor.java:132) ~[junit-jupiter-engine-5.11.4.jar:5.11.4]
	at org.junit.jupiter.engine.descriptor.TestMethodTestDescriptor.execute(TestMethodTestDescriptor.java:68) ~[junit-jupiter-engine-5.11.4.jar:5.11.4]
	at org.junit.platform.engine.support.hierarchical.NodeTestTask.lambda$executeRecursively$6(NodeTestTask.java:156) ~[junit-platform-engine-1.11.4.jar:1.11.4]
	at org.junit.platform.engine.support.hierarchical.ThrowableCollector.execute(ThrowableCollector.java:73) ~[junit-platform-engine-1.11.4.jar:1.11.4]
	at org.junit.platform.engine.support.hierarchical.NodeTestTask.lambda$executeRecursively$8(NodeTestTask.java:146) ~[junit-platform-engine-1.11.4.jar:1.11.4]
	at org.junit.platform.engine.support.hierarchical.Node.around(Node.java:137) ~[junit-platform-engine-1.11.4.jar:1.11.4]
	at org.junit.platform.engine.support.hierarchical.NodeTestTask.lambda$executeRecursively$9(NodeTestTask.java:144) ~[junit-platform-engine-1.11.4.jar:1.11.4]
	at org.junit.platform.engine.support.hierarchical.ThrowableCollector.execute(ThrowableCollector.java:73) ~[junit-platform-engine-1.11.4.jar:1.11.4]
	at org.junit.platform.engine.support.hierarchical.NodeTestTask.executeRecursively(NodeTestTask.java:143) ~[junit-platform-engine-1.11.4.jar:1.11.4]
	at org.junit.platform.engine.support.hierarchical.NodeTestTask.execute(NodeTestTask.java:100) ~[junit-platform-engine-1.11.4.jar:1.11.4]
	at java.base/java.util.ArrayList.forEach(ArrayList.java:1596) ~[na:na]
	at org.junit.platform.engine.support.hierarchical.SameThreadHierarchicalTestExecutorService.invokeAll(SameThreadHierarchicalTestExecutorService.java:41) ~[junit-platform-engine-1.11.4.jar:1.11.4]
	at org.junit.platform.engine.support.hierarchical.NodeTestTask.lambda$executeRecursively$6(NodeTestTask.java:160) ~[junit-platform-engine-1.11.4.jar:1.11.4]
	at org.junit.platform.engine.support.hierarchical.ThrowableCollector.execute(ThrowableCollector.java:73) ~[junit-platform-engine-1.11.4.jar:1.11.4]
	at org.junit.platform.engine.support.hierarchical.NodeTestTask.lambda$executeRecursively$8(NodeTestTask.java:146) ~[junit-platform-engine-1.11.4.jar:1.11.4]
	at org.junit.platform.engine.support.hierarchical.Node.around(Node.java:137) ~[junit-platform-engine-1.11.4.jar:1.11.4]
	at org.junit.platform.engine.support.hierarchical.NodeTestTask.lambda$executeRecursively$9(NodeTestTask.java:144) ~[junit-platform-engine-1.11.4.jar:1.11.4]
	at org.junit.platform.engine.support.hierarchical.ThrowableCollector.execute(ThrowableCollector.java:73) ~[junit-platform-engine-1.11.4.jar:1.11.4]
	at org.junit.platform.engine.support.hierarchical.NodeTestTask.executeRecursively(NodeTestTask.java:143) ~[junit-platform-engine-1.11.4.jar:1.11.4]
	at org.junit.platform.engine.support.hierarchical.NodeTestTask.execute(NodeTestTask.java:100) ~[junit-platform-engine-1.11.4.jar:1.11.4]
	at java.base/java.util.ArrayList.forEach(ArrayList.java:1596) ~[na:na]
	at org.junit.platform.engine.support.hierarchical.SameThreadHierarchicalTestExecutorService.invokeAll(SameThreadHierarchicalTestExecutorService.java:41) ~[junit-platform-engine-1.11.4.jar:1.11.4]
	at org.junit.platform.engine.support.hierarchical.NodeTestTask.lambda$executeRecursively$6(NodeTestTask.java:160) ~[junit-platform-engine-1.11.4.jar:1.11.4]
	at org.junit.platform.engine.support.hierarchical.ThrowableCollector.execute(ThrowableCollector.java:73) ~[junit-platform-engine-1.11.4.jar:1.11.4]
	at org.junit.platform.engine.support.hierarchical.NodeTestTask.lambda$executeRecursively$8(NodeTestTask.java:146) ~[junit-platform-engine-1.11.4.jar:1.11.4]
	at org.junit.platform.engine.support.hierarchical.Node.around(Node.java:137) ~[junit-platform-engine-1.11.4.jar:1.11.4]
	at org.junit.platform.engine.support.hierarchical.NodeTestTask.lambda$executeRecursively$9(NodeTestTask.java:144) ~[junit-platform-engine-1.11.4.jar:1.11.4]
	at org.junit.platform.engine.support.hierarchical.ThrowableCollector.execute(ThrowableCollector.java:73) ~[junit-platform-engine-1.11.4.jar:1.11.4]
	at org.junit.platform.engine.support.hierarchical.NodeTestTask.executeRecursively(NodeTestTask.java:143) ~[junit-platform-engine-1.11.4.jar:1.11.4]
	at org.junit.platform.engine.support.hierarchical.NodeTestTask.execute(NodeTestTask.java:100) ~[junit-platform-engine-1.11.4.jar:1.11.4]
	at org.junit.platform.engine.support.hierarchical.SameThreadHierarchicalTestExecutorService.submit(SameThreadHierarchicalTestExecutorService.java:35) ~[junit-platform-engine-1.11.4.jar:1.11.4]
	at org.junit.platform.engine.support.hierarchical.HierarchicalTestExecutor.execute(HierarchicalTestExecutor.java:57) ~[junit-platform-engine-1.11.4.jar:1.11.4]
	at org.junit.platform.engine.support.hierarchical.HierarchicalTestEngine.execute(HierarchicalTestEngine.java:54) ~[junit-platform-engine-1.11.4.jar:1.11.4]
	at org.junit.platform.launcher.core.EngineExecutionOrchestrator.execute(EngineExecutionOrchestrator.java:198) ~[junit-platform-launcher-1.11.4.jar:1.11.4]
	at org.junit.platform.launcher.core.EngineExecutionOrchestrator.execute(EngineExecutionOrchestrator.java:169) ~[junit-platform-launcher-1.11.4.jar:1.11.4]
	at org.junit.platform.launcher.core.EngineExecutionOrchestrator.execute(EngineExecutionOrchestrator.java:93) ~[junit-platform-launcher-1.11.4.jar:1.11.4]
	at org.junit.platform.launcher.core.EngineExecutionOrchestrator.lambda$execute$0(EngineExecutionOrchestrator.java:58) ~[junit-platform-launcher-1.11.4.jar:1.11.4]
	at org.junit.platform.launcher.core.EngineExecutionOrchestrator.withInterceptedStreams(EngineExecutionOrchestrator.java:141) ~[junit-platform-launcher-1.11.4.jar:1.11.4]
	at org.junit.platform.launcher.core.EngineExecutionOrchestrator.execute(EngineExecutionOrchestrator.java:57) ~[junit-platform-launcher-1.11.4.jar:1.11.4]
	at org.junit.platform.launcher.core.DefaultLauncher.execute(DefaultLauncher.java:103) ~[junit-platform-launcher-1.11.4.jar:1.11.4]
	at org.junit.platform.launcher.core.DefaultLauncher.execute(DefaultLauncher.java:85) ~[junit-platform-launcher-1.11.4.jar:1.11.4]
	at org.junit.platform.launcher.core.DelegatingLauncher.execute(DelegatingLauncher.java:47) ~[junit-platform-launcher-1.11.4.jar:1.11.4]
	at org.apache.maven.surefire.junitplatform.LazyLauncher.execute(LazyLauncher.java:56) ~[surefire-junit-platform-3.5.2.jar:3.5.2]
	at org.apache.maven.surefire.junitplatform.JUnitPlatformProvider.execute(JUnitPlatformProvider.java:184) ~[surefire-junit-platform-3.5.2.jar:3.5.2]
	at org.apache.maven.surefire.junitplatform.JUnitPlatformProvider.invokeAllTests(JUnitPlatformProvider.java:148) ~[surefire-junit-platform-3.5.2.jar:3.5.2]
	at org.apache.maven.surefire.junitplatform.JUnitPlatformProvider.invoke(JUnitPlatformProvider.java:122) ~[surefire-junit-platform-3.5.2.jar:3.5.2]
	at org.apache.maven.surefire.booter.ForkedBooter.runSuitesInProcess(ForkedBooter.java:385) ~[surefire-booter-3.5.2.jar:3.5.2]
	at org.apache.maven.surefire.booter.ForkedBooter.execute(ForkedBooter.java:162) ~[surefire-booter-3.5.2.jar:3.5.2]
	at org.apache.maven.surefire.booter.ForkedBooter.run(ForkedBooter.java:507) ~[surefire-booter-3.5.2.jar:3.5.2]
	at org.apache.maven.surefire.booter.ForkedBooter.main(ForkedBooter.java:495) ~[surefire-booter-3.5.2.jar:3.5.2]

2025-05-07T19:21:57.778-05:00 DEBUG 7192 --- [Rina] [           main] org.springframework.test.context.cache   : Spring test ApplicationContext cache statistics: [DefaultContextCache@d13379e size = 1, maxSize = 32, parentContextCount = 0, hitCount = 5, missCount = 1, failureCount = 0]
2025-05-07T19:21:57.786-05:00 DEBUG 7192 --- [Rina] [           main] org.springframework.test.context.cache   : Spring test ApplicationContext cache statistics: [DefaultContextCache@d13379e size = 1, maxSize = 32, parentContextCount = 0, hitCount = 6, missCount = 1, failureCount = 0]
2025-05-07T19:21:57.796-05:00 DEBUG 7192 --- [Rina] [           main] org.springframework.test.context.cache   : Spring test ApplicationContext cache statistics: [DefaultContextCache@d13379e size = 1, maxSize = 32, parentContextCount = 0, hitCount = 7, missCount = 1, failureCount = 0]
2025-05-07T19:21:57.798-05:00 DEBUG 7192 --- [Rina] [           main] org.springframework.test.context.cache   : Spring test ApplicationContext cache statistics: [DefaultContextCache@d13379e size = 1, maxSize = 32, parentContextCount = 0, hitCount = 8, missCount = 1, failureCount = 0]
2025-05-07T19:21:57.800-05:00 DEBUG 7192 --- [Rina] [           main] org.springframework.test.context.cache   : Spring test ApplicationContext cache statistics: [DefaultContextCache@d13379e size = 1, maxSize = 32, parentContextCount = 0, hitCount = 9, missCount = 1, failureCount = 0]
2025-05-07T19:21:57.800-05:00 DEBUG 7192 --- [Rina] [           main] org.springframework.test.context.cache   : Spring test ApplicationContext cache statistics: [DefaultContextCache@d13379e size = 1, maxSize = 32, parentContextCount = 0, hitCount = 10, missCount = 1, failureCount = 0]
2025-05-07T19:21:57.802-05:00 DEBUG 7192 --- [Rina] [           main] org.springframework.test.context.cache   : Spring test ApplicationContext cache statistics: [DefaultContextCache@d13379e size = 1, maxSize = 32, parentContextCount = 0, hitCount = 11, missCount = 1, failureCount = 0]
2025-05-07T19:21:57.805-05:00 DEBUG 7192 --- [Rina] [           main] org.springframework.test.context.cache   : Spring test ApplicationContext cache statistics: [DefaultContextCache@d13379e size = 1, maxSize = 32, parentContextCount = 0, hitCount = 12, missCount = 1, failureCount = 0]
2025-05-07T19:21:57.808-05:00 DEBUG 7192 --- [Rina] [           main] org.springframework.test.context.cache   : Spring test ApplicationContext cache statistics: [DefaultContextCache@d13379e size = 1, maxSize = 32, parentContextCount = 0, hitCount = 13, missCount = 1, failureCount = 0]
2025-05-07T19:21:57.809-05:00 DEBUG 7192 --- [Rina] [           main] .c.s.DirtiesContextTestExecutionListener : After test method: class [RinaApplicationTests], method [contextLoads], class annotated with @DirtiesContext [false] with mode [null], method annotated with @DirtiesContext [false] with mode [null]
2025-05-07T19:21:57.809-05:00 DEBUG 7192 --- [Rina] [           main] o.s.t.c.w.ServletTestExecutionListener   : Resetting RequestContextHolder for test class com.backend.Rina.RinaApplicationTests
]]></system-out>
    <system-err><![CDATA[Mockito is currently self-attaching to enable the inline-mock-maker. This will no longer work in future releases of the JDK. Please add Mockito as an agent to your build what is described in Mockito's documentation: https://javadoc.io/doc/org.mockito/mockito-core/latest/org/mockito/Mockito.html#0.3
WARNING: A Java agent has been loaded dynamically (C:\Users\Pc\.m2\repository\net\bytebuddy\byte-buddy-agent\1.15.11\byte-buddy-agent-1.15.11.jar)
WARNING: If a serviceability tool is in use, please run with -XX:+EnableDynamicAgentLoading to hide this warning
WARNING: If a serviceability tool is not in use, please run with -Djdk.instrument.traceUsage for more information
WARNING: Dynamic loading of agents will be disallowed by default in a future release
]]></system-err>
  </testcase>
</testsuite>